/project/6001368/valmzztt/MnNiAs/MnNiAs-smol/cluster-exp.py:33: UserWarning: We are about to create the cluster subspace
  warnings.warn("We are about to create the cluster subspace")
/project/6001368/valmzztt/MnNiAs/MnNiAs-smol/cluster-exp.py:35: UserWarning: We have created the cluster subspace
  warnings.warn("We have created the cluster subspace")
/home/valmzztt/smol_env/lib/python3.9/site-packages/smol/cofe/wrangling/wrangler.py:770: UserWarning: Unable to match Mn13 As16 Ni3 with energy -222.14184523 to supercell_structure. Throwing out.
 Error Message: Supercell could not be found from structure
  warnings.warn(
/home/valmzztt/smol_env/lib/python3.9/site-packages/smol/cofe/wrangling/wrangler.py:770: UserWarning: Unable to match Mn5 Ni3 As8 with energy -107.02562891 to supercell_structure. Throwing out.
 Error Message: Supercell could not be found from structure
  warnings.warn(
/home/valmzztt/smol_env/lib/python3.9/site-packages/smol/cofe/wrangling/wrangler.py:770: UserWarning: Unable to match Mn7 Ni5 As12 with energy -158.84493598 to supercell_structure. Throwing out.
 Error Message: Mapping could not be found from structure.
  warnings.warn(
/project/6001368/valmzztt/MnNiAs/MnNiAs-smol/cluster-exp.py:47: UserWarning: 
Total structures that match 57/60
  warnings.warn(f'\nTotal structures that match {wrangler.num_structures}/{len(entries)}')
/project/6001368/valmzztt/MnNiAs/MnNiAs-smol/cluster-exp.py:68: UserWarning: The predicted energy for a structure with composition Ni7 Mn5 As12 is -151.99522322141834 eV/prim.

  warnings.warn(f'The predicted energy for a structure with composition '
/project/6001368/valmzztt/MnNiAs/MnNiAs-smol/cluster-exp.py:70: UserWarning: The fitted coefficients are:
[-2.25469813e+01 -6.11076265e+00 -1.47926567e+00 -1.43726879e+00
 -1.39959892e+00 -1.01071567e-01  1.01007270e+00  1.01484559e-01
 -2.08963139e-01  3.02902433e-01  2.61036579e+00 -2.50554376e+01
  2.78434483e+01  4.14429876e-01  1.19679156e+00  1.02266570e+01
 -1.18534583e+01  1.95844318e+01 -1.96541828e+01 -1.67607452e-02
 -9.31401909e-01 -1.18094562e+00]

  warnings.warn(f'The fitted coefficients are:\n{expansion.coefs}\n')
/project/6001368/valmzztt/MnNiAs/MnNiAs-smol/cluster-exp.py:71: UserWarning: The effective cluster interactions are:
[-2.25469813e+01 -3.05538132e+00 -7.39632833e-01 -2.39544798e-01
 -1.16633243e-01 -5.05357833e-02  8.41727248e-02  1.69140932e-02
 -1.74135950e-02  7.57256082e-02  1.08765241e-01 -2.08795313e+00
  2.32028735e+00  3.45358230e-02  5.98395780e-01  8.52221418e-01
 -9.87788195e-01  1.63203598e+00 -1.63784857e+00 -2.79345754e-03
 -7.76168257e-02 -9.84121353e-02]

  warnings.warn(f'The effective cluster interactions are:\n{expansion.eci}\n')
Basis/Orthogonal/Orthonormal : indicator/False/False
       Unit Cell Composition : Mn1 Ni1 As2
            Number of Orbits : 22
No. of Correlation Functions : 22
             Cluster Cutoffs : 2: 6.80, 3: 5.05, 4: 5.05
              External Terms : []
Regression Data : estimator=LinearRegression
                  module=sklearn.linear_model._base
                  parameters={'copy_X': True, 'fit_intercept': False, 'n_jobs': None, 'positive': False}
Target Property    : mean=-25.4480  std=1.5329
ECI-based Property : mean=-22.5470  std=14.9362
Fit Summary
 ----------------------------------------------------------------------------------------------------
 |  ID    Orbit ID    Degree    Cluster Diameter    ECI    Feature AVG    Feature STD    ECI * STD  |
 |  0        0          0              NA         -22.547     1.000          0.000        -0.000    |
 |  1        1          1            0.0000       -3.055      0.455          0.246        -0.751    |
 |  2        2          2            2.5225       -0.740      0.234          0.264        -0.195    |
 |  3        3          2            3.6458       -0.240      0.266          0.255        -0.061    |
 |  4        4          2            4.4334       -0.117      0.252          0.248        -0.029    |
 |  5        5          2            5.0451       -0.051      0.350          0.274        -0.014    |
 |  6        6          2            6.2245        0.084      0.265          0.248         0.021    |
 |  7        7          2            6.3147        0.017      0.265          0.256         0.004    |
 |  8        8          2            6.7999       -0.017      0.252          0.250        -0.004    |
 |  9        9          3            3.6458        0.076      0.181          0.249         0.019    |
 |  10       10         3            4.4334        0.109      0.157          0.230         0.025    |
 |  11       11         3            4.4334       -2.088      0.167          0.224        -0.468    |
 |  12       12         3            4.4334        2.320      0.167          0.224         0.520    |
 |  13       13         3            5.0451        0.035      0.202          0.247         0.009    |
 |  14       14         3            5.0451        0.598      0.186          0.262         0.157    |
 |  15       15         4            4.4334        0.852      0.118          0.214         0.182    |
 |  16       16         4            4.4334       -0.988      0.117          0.214        -0.211    |
 |  17       17         4            4.4334        1.632      0.112          0.208         0.340    |
 |  18       18         4            4.4334       -1.638      0.113          0.208        -0.341    |
 |  19       19         4            4.4334       -0.003      0.116          0.213        -0.001    |
 |  20       20         4            5.0451       -0.078      0.130          0.224        -0.017    |
 |  21       21         4            5.0451       -0.098      0.138          0.219        -0.022    |
 ----------------------------------------------------------------------------------------------------
