/project/6001368/valmzztt/MnNiAs/MnNiAs-scf-conc/cluster-exp-loocv.py:55: UserWarning: We have created the cluster subspace
  warnings.warn("We have created the cluster subspace")
/home/valmzztt/smol_env/lib/python3.9/site-packages/smol/cofe/wrangling/wrangler.py:808: UserWarning: The following structures have duplicated correlation vectors:
 Index 6 - Mn6 Ni4 As10 energy=-130.28209177
Index 26 - Ni4 Mn6 As10 energy=-130.27208696
 Consider adding more terms to the clustersubspace or filtering duplicates.
  warnings.warn(
/project/6001368/valmzztt/MnNiAs/MnNiAs-scf-conc/cluster-exp-loocv.py:73: UserWarning: 
Total structures that match 30/30
  warnings.warn(f'\nTotal structures that match {wrangler.num_structures}/{len(entries)}')
The predicted energy for a structure with composition Ni4 Mn6 As10 is -26.07575812084079 eV/prim.

The fitted coefficients are:
[-1.51171046e+01 -9.07026278e+00 -1.43173961e+00 -4.14548431e+00
 -1.88886018e+00 -4.10231145e+00 -2.58419196e+00 -1.26511629e+00
 -1.48310362e+00 -1.55401613e+00 -1.93060049e-01 -3.36910937e-01
 -4.38808086e-01 -5.23995259e-01  4.45242049e-01 -5.21196496e-01
 -8.35249680e-01 -9.75036506e-01 -5.34895548e-01  2.71967719e-01
  3.89742883e-01  4.20202620e-01 -1.12255875e+00 -1.12671970e-01
 -2.60252780e-01 -1.21917559e-01 -7.66780094e-01 -7.00188956e-01
  8.07786902e-01  1.17941147e-01  2.86429434e-01 -2.79684831e-04
  5.68425812e-01  5.17477237e-01  6.09071858e-01  5.07174709e-01
  2.06308254e-01  6.67478866e-01  1.61347056e-01  6.41736339e-01
  6.04376804e-01 -1.83774662e-01 -1.91802072e-01  2.70149803e-01
 -6.21684969e-02  1.30151381e-01  7.92028061e-02  1.27272945e+00
  7.06037541e-01  9.64648779e-01 -6.88599800e-02 -6.34500015e-02
  3.39525889e-01  3.59875964e-01  1.79102237e-01  2.68137041e-01
 -1.92060523e-01  8.10883274e-01 -8.08960313e-02  7.73821321e-01
  7.95394495e-01  4.00975311e-01 -2.24815574e-01  1.60936390e+00
 -3.06306211e-01  7.98387557e-01 -9.25320262e-01  1.09699750e-01
  4.63507522e-02  4.67710280e-02 -1.50754325e-01  6.75665365e-02
 -2.70799542e-01  3.95134062e-01 -2.63858624e-01 -5.34175811e-01
 -1.39232761e-01 -6.56868469e-01  2.32778645e-01  8.66221423e-02
  6.41611816e-01 -3.17760848e-01 -5.36615032e-01 -4.35300560e-01
 -6.66248607e-01  4.30427262e-01  4.22605980e-01 -1.73884357e-01
  4.26196610e-01 -4.50229191e-01  4.72398232e-01 -5.98842357e-02
  7.19941885e-01 -8.88727706e-01 -5.57784268e-01  7.46366441e-01
  9.35650237e-01  6.57603566e-01  2.19321665e-01  7.56461889e-01
  1.25692123e+00 -6.50708865e-01]

The effective cluster interactions are:
[-1.51171046e+01 -4.53513139e+00 -7.15869803e-01 -6.90914051e-01
 -1.57405015e-01 -2.05115573e+00 -2.15349330e-01 -2.10852714e-01
 -1.23591968e-01 -3.88504032e-01 -8.04416870e-03 -2.80759114e-02
 -3.65673405e-02 -4.36662716e-02  2.22621024e-01 -2.17165207e-02
 -3.48020700e-02 -4.06265211e-02 -4.45746290e-02  2.26639766e-02
  1.62392868e-02  1.75084425e-02 -9.35465623e-02 -2.81679925e-02
 -1.08438658e-02 -5.07989829e-03 -3.19491706e-02 -2.91745398e-02
  3.36577876e-02  9.82842891e-03  2.38691195e-02 -2.33070693e-05
  4.73688177e-02  4.31231031e-02  5.07559882e-02  4.22645591e-02
  3.43847090e-02  5.56232389e-02  1.34455880e-02  2.67390141e-02
  2.51823668e-02 -7.65727758e-03 -7.99175299e-03  1.12562418e-02
 -2.59035404e-03  5.42297419e-03  3.30011692e-03  5.30303938e-02
  5.88364618e-02  8.03873983e-02 -5.73833167e-03 -5.28750012e-03
  2.82938241e-02  5.99793274e-02  7.46259320e-03  1.11723767e-02
 -8.00252179e-03  3.37868031e-02 -3.37066797e-03  3.22425550e-02
  6.62828746e-02  3.34146093e-02 -1.87346312e-02  1.34113659e-01
 -3.82882763e-02  9.97984446e-02 -1.54220044e-01  2.74249375e-02
  1.93128134e-03  1.94879283e-03 -6.28143020e-03  2.81527235e-03
 -1.12833142e-02  1.64639193e-02 -1.09941094e-02 -2.22573255e-02
 -5.80136506e-03 -2.73695195e-02  9.69911020e-03  3.60925593e-03
  2.67338257e-02 -1.32400353e-02 -2.23589597e-02 -1.81375233e-02
 -2.77603586e-02  1.79344692e-02  1.76085825e-02 -7.24518155e-03
  1.77581921e-02 -1.87595496e-02  1.96832597e-02 -2.49517649e-03
  2.99975785e-02 -3.70303211e-02 -2.32410112e-02  6.21972034e-02
  7.79708531e-02  5.48002972e-02  1.82768054e-02  6.30384908e-02
  1.04743436e-01 -1.08451477e-01]

Traceback (most recent call last):
  File "/project/6001368/valmzztt/MnNiAs/MnNiAs-scf-conc/cluster-exp-loocv.py", line 121, in <module>
    warnings.warn(expansion)
TypeError: expected string or bytes-like object
