/project/6001368/valmzztt/MnNiAs/MnNiAs-scf/run-smol.py:23: UserWarning: We are starting the job
  warnings.warn("We are starting the job")
/project/6001368/valmzztt/MnNiAs/MnNiAs-scf/run-smol.py:25: UserWarning: We have loaded the job
  warnings.warn("We have loaded the job")
/project/6001368/valmzztt/MnNiAs/MnNiAs-scf/run-smol.py:39: UserWarning: Sampling information: Metadata(cls_name='SampleContainer', kernels=[Metadata(seed=175976405813439594671728039208509600055, step=Metadata(sublattices=[(Element Mn, Element Ni), (Element As,)], sublattice_probabilities=array([1.]), cls_name='Swap'), cls_name='Metropolis')])
  warnings.warn(f"Sampling information: {sampler.samples.metadata}")
/project/6001368/valmzztt/MnNiAs/MnNiAs-scf/run-smol.py:48: UserWarning: About to apply transformation
  warnings.warn("About to apply transformation")
StructureWrangler: <class 'smol.cofe.wrangling.wrangler.StructureWrangler'>

ClusterExpansion: <class 'smol.cofe.expansion.ClusterExpansion'>

Full Formula (Mn432 As432)
Reduced Formula: MnAs
abc   :  21.874824  21.874824  30.270396
angles:  90.000000  90.000000 120.000000
pbc   :       True       True       True
Sites (864)
  #  SP           a         b         c    tags
---  ----  --------  --------  --------  ------
  0  Mn    0         0         0              0
  1  Mn    0         0         0.166667       0
  2  Mn    0         0         0.333333       0
  3  Mn    0         0         0.5            0
  4  Mn    0         0         0.666667       0
  5  Mn    0         0         0.833333       0
  6  Mn    0         0.166667  0              0
  7  Mn    0         0.166667  0.166667       0
  8  Mn    0         0.166667  0.333333       0
  9  Mn    0         0.166667  0.5            0
 10  Mn    0         0.166667  0.666667       0
 11  Mn    0         0.166667  0.833333       0
 12  Mn    0         0.333333  0              0
 13  Mn    0         0.333333  0.166667       0
 14  Mn    0         0.333333  0.333333       0
 15  Mn    0         0.333333  0.5            0
 16  Mn    0         0.333333  0.666667       0
 17  Mn    0         0.333333  0.833333       0
 18  Mn    0         0.5       0              0
 19  Mn    0         0.5       0.166667       0
 20  Mn    0         0.5       0.333333       0
 21  Mn    0         0.5       0.5            0
 22  Mn    0         0.5       0.666667       0
 23  Mn    0         0.5       0.833333       0
 24  Mn    0         0.666667  0              0
 25  Mn    0         0.666667  0.166667       0
 26  Mn    0         0.666667  0.333333       0
 27  Mn    0         0.666667  0.5            0
 28  Mn    0         0.666667  0.666667       0
 29  Mn    0         0.666667  0.833333       0
 30  Mn    0         0.833333  0              0
 31  Mn    0         0.833333  0.166667       0
 32  Mn    0         0.833333  0.333333       0
 33  Mn    0         0.833333  0.5            0
 34  Mn    0         0.833333  0.666667       0
 35  Mn    0         0.833333  0.833333       0
 36  Mn    0.166667  0         0              0
 37  Mn    0.166667  0         0.166667       0
 38  Mn    0.166667  0         0.333333       0
 39  Mn    0.166667  0         0.5            0
 40  Mn    0.166667  0         0.666667       0
 41  Mn    0.166667  0         0.833333       0
 42  Mn    0.166667  0.166667  0              0
 43  Mn    0.166667  0.166667  0.166667       0
 44  Mn    0.166667  0.166667  0.333333       0
 45  Mn    0.166667  0.166667  0.5            0
 46  Mn    0.166667  0.166667  0.666667       0
 47  Mn    0.166667  0.166667  0.833333       0
 48  Mn    0.166667  0.333333  0              0
 49  Mn    0.166667  0.333333  0.166667       0
 50  Mn    0.166667  0.333333  0.333333       0
 51  Mn    0.166667  0.333333  0.5            0
 52  Mn    0.166667  0.333333  0.666667       0
 53  Mn    0.166667  0.333333  0.833333       0
 54  Mn    0.166667  0.5       0              0
 55  Mn    0.166667  0.5       0.166667       0
 56  Mn    0.166667  0.5       0.333333       0
 57  Mn    0.166667  0.5       0.5            0
 58  Mn    0.166667  0.5       0.666667       0
 59  Mn    0.166667  0.5       0.833333       0
 60  Mn    0.166667  0.666667  0              0
 61  Mn    0.166667  0.666667  0.166667       0
 62  Mn    0.166667  0.666667  0.333333       0
 63  Mn    0.166667  0.666667  0.5            0
 64  Mn    0.166667  0.666667  0.666667       0
 65  Mn    0.166667  0.666667  0.833333       0
 66  Mn    0.166667  0.833333  0              0
 67  Mn    0.166667  0.833333  0.166667       0
 68  Mn    0.166667  0.833333  0.333333       0
 69  Mn    0.166667  0.833333  0.5            0
 70  Mn    0.166667  0.833333  0.666667       0
 71  Mn    0.166667  0.833333  0.833333       0
 72  Mn    0.333333  0         0              0
 73  Mn    0.333333  0         0.166667       0
 74  Mn    0.333333  0         0.333333       0
 75  Mn    0.333333  0         0.5            0
 76  Mn    0.333333  0         0.666667       0
 77  Mn    0.333333  0         0.833333       0
 78  Mn    0.333333  0.166667  0              0
 79  Mn    0.333333  0.166667  0.166667       0
 80  Mn    0.333333  0.166667  0.333333       0
 81  Mn    0.333333  0.166667  0.5            0
 82  Mn    0.333333  0.166667  0.666667       0
 83  Mn    0.333333  0.166667  0.833333       0
 84  Mn    0.333333  0.333333  0              0
 85  Mn    0.333333  0.333333  0.166667       0
 86  Mn    0.333333  0.333333  0.333333       0
 87  Mn    0.333333  0.333333  0.5            0
 88  Mn    0.333333  0.333333  0.666667       0
 89  Mn    0.333333  0.333333  0.833333       0
 90  Mn    0.333333  0.5       0              0
 91  Mn    0.333333  0.5       0.166667       0
 92  Mn    0.333333  0.5       0.333333       0
 93  Mn    0.333333  0.5       0.5            0
 94  Mn    0.333333  0.5       0.666667       0
 95  Mn    0.333333  0.5       0.833333       0
 96  Mn    0.333333  0.666667  0              0
 97  Mn    0.333333  0.666667  0.166667       0
 98  Mn    0.333333  0.666667  0.333333       0
 99  Mn    0.333333  0.666667  0.5            0
100  Mn    0.333333  0.666667  0.666667       0
101  Mn    0.333333  0.666667  0.833333       0
102  Mn    0.333333  0.833333  0              0
103  Mn    0.333333  0.833333  0.166667       0
104  Mn    0.333333  0.833333  0.333333       0
105  Mn    0.333333  0.833333  0.5            0
106  Mn    0.333333  0.833333  0.666667       0
107  Mn    0.333333  0.833333  0.833333       0
108  Mn    0.5       0         0              0
109  Mn    0.5       0         0.166667       0
110  Mn    0.5       0         0.333333       0
111  Mn    0.5       0         0.5            0
112  Mn    0.5       0         0.666667       0
113  Mn    0.5       0         0.833333       0
114  Mn    0.5       0.166667  0              0
115  Mn    0.5       0.166667  0.166667       0
116  Mn    0.5       0.166667  0.333333       0
117  Mn    0.5       0.166667  0.5            0
118  Mn    0.5       0.166667  0.666667       0
119  Mn    0.5       0.166667  0.833333       0
120  Mn    0.5       0.333333  0              0
121  Mn    0.5       0.333333  0.166667       0
122  Mn    0.5       0.333333  0.333333       0
123  Mn    0.5       0.333333  0.5            0
124  Mn    0.5       0.333333  0.666667       0
125  Mn    0.5       0.333333  0.833333       0
126  Mn    0.5       0.5       0              0
127  Mn    0.5       0.5       0.166667       0
128  Mn    0.5       0.5       0.333333       0
129  Mn    0.5       0.5       0.5            0
130  Mn    0.5       0.5       0.666667       0
131  Mn    0.5       0.5       0.833333       0
132  Mn    0.5       0.666667  0              0
133  Mn    0.5       0.666667  0.166667       0
134  Mn    0.5       0.666667  0.333333       0
135  Mn    0.5       0.666667  0.5            0
136  Mn    0.5       0.666667  0.666667       0
137  Mn    0.5       0.666667  0.833333       0
138  Mn    0.5       0.833333  0              0
139  Mn    0.5       0.833333  0.166667       0
140  Mn    0.5       0.833333  0.333333       0
141  Mn    0.5       0.833333  0.5            0
142  Mn    0.5       0.833333  0.666667       0
143  Mn    0.5       0.833333  0.833333       0
144  Mn    0.666667  0         0              0
145  Mn    0.666667  0         0.166667       0
146  Mn    0.666667  0         0.333333       0
147  Mn    0.666667  0         0.5            0
148  Mn    0.666667  0         0.666667       0
149  Mn    0.666667  0         0.833333       0
150  Mn    0.666667  0.166667  0              0
151  Mn    0.666667  0.166667  0.166667       0
152  Mn    0.666667  0.166667  0.333333       0
153  Mn    0.666667  0.166667  0.5            0
154  Mn    0.666667  0.166667  0.666667       0
155  Mn    0.666667  0.166667  0.833333       0
156  Mn    0.666667  0.333333  0              0
157  Mn    0.666667  0.333333  0.166667       0
158  Mn    0.666667  0.333333  0.333333       0
159  Mn    0.666667  0.333333  0.5            0
160  Mn    0.666667  0.333333  0.666667       0
161  Mn    0.666667  0.333333  0.833333       0
162  Mn    0.666667  0.5       0              0
163  Mn    0.666667  0.5       0.166667       0
164  Mn    0.666667  0.5       0.333333       0
165  Mn    0.666667  0.5       0.5            0
166  Mn    0.666667  0.5       0.666667       0
167  Mn    0.666667  0.5       0.833333       0
168  Mn    0.666667  0.666667  0              0
169  Mn    0.666667  0.666667  0.166667       0
170  Mn    0.666667  0.666667  0.333333       0
171  Mn    0.666667  0.666667  0.5            0
172  Mn    0.666667  0.666667  0.666667       0
173  Mn    0.666667  0.666667  0.833333       0
174  Mn    0.666667  0.833333  0              0
175  Mn    0.666667  0.833333  0.166667       0
176  Mn    0.666667  0.833333  0.333333       0
177  Mn    0.666667  0.833333  0.5            0
178  Mn    0.666667  0.833333  0.666667       0
179  Mn    0.666667  0.833333  0.833333       0
180  Mn    0.833333  0         0              0
181  Mn    0.833333  0         0.166667       0
182  Mn    0.833333  0         0.333333       0
183  Mn    0.833333  0         0.5            0
184  Mn    0.833333  0         0.666667       0
185  Mn    0.833333  0         0.833333       0
186  Mn    0.833333  0.166667  0              0
187  Mn    0.833333  0.166667  0.166667       0
188  Mn    0.833333  0.166667  0.333333       0
189  Mn    0.833333  0.166667  0.5            0
190  Mn    0.833333  0.166667  0.666667       0
191  Mn    0.833333  0.166667  0.833333       0
192  Mn    0.833333  0.333333  0              0
193  Mn    0.833333  0.333333  0.166667       0
194  Mn    0.833333  0.333333  0.333333       0
195  Mn    0.833333  0.333333  0.5            0
196  Mn    0.833333  0.333333  0.666667       0
197  Mn    0.833333  0.333333  0.833333       0
198  Mn    0.833333  0.5       0              0
199  Mn    0.833333  0.5       0.166667       0
200  Mn    0.833333  0.5       0.333333       0
201  Mn    0.833333  0.5       0.5            0
202  Mn    0.833333  0.5       0.666667       0
203  Mn    0.833333  0.5       0.833333       0
204  Mn    0.833333  0.666667  0              0
205  Mn    0.833333  0.666667  0.166667       0
206  Mn    0.833333  0.666667  0.333333       0
207  Mn    0.833333  0.666667  0.5            0
208  Mn    0.833333  0.666667  0.666667       0
209  Mn    0.833333  0.666667  0.833333       0
210  Mn    0.833333  0.833333  0              0
211  Mn    0.833333  0.833333  0.166667       0
212  Mn    0.833333  0.833333  0.333333       0
213  Mn    0.833333  0.833333  0.5            0
214  Mn    0.833333  0.833333  0.666667       0
215  Mn    0.833333  0.833333  0.833333       0
216  Mn    0         0         0.083333       1
217  Mn    0         0         0.25           1
218  Mn    0         0         0.416667       1
219  Mn    0         0         0.583333       1
220  Mn    0         0         0.75           1
221  Mn    0         0         0.916667       1
222  Mn    0         0.166667  0.083333       1
223  Mn    0         0.166667  0.25           1
224  Mn    0         0.166667  0.416667       1
225  Mn    0         0.166667  0.583333       1
226  Mn    0         0.166667  0.75           1
227  Mn    0         0.166667  0.916667       1
228  Mn    0         0.333333  0.083333       1
229  Mn    0         0.333333  0.25           1
230  Mn    0         0.333333  0.416667       1
231  Mn    0         0.333333  0.583333       1
232  Mn    0         0.333333  0.75           1
233  Mn    0         0.333333  0.916667       1
234  Mn    0         0.5       0.083333       1
235  Mn    0         0.5       0.25           1
236  Mn    0         0.5       0.416667       1
237  Mn    0         0.5       0.583333       1
238  Mn    0         0.5       0.75           1
239  Mn    0         0.5       0.916667       1
240  Mn    0         0.666667  0.083333       1
241  Mn    0         0.666667  0.25           1
242  Mn    0         0.666667  0.416667       1
243  Mn    0         0.666667  0.583333       1
244  Mn    0         0.666667  0.75           1
245  Mn    0         0.666667  0.916667       1
246  Mn    0         0.833333  0.083333       1
247  Mn    0         0.833333  0.25           1
248  Mn    0         0.833333  0.416667       1
249  Mn    0         0.833333  0.583333       1
250  Mn    0         0.833333  0.75           1
251  Mn    0         0.833333  0.916667       1
252  Mn    0.166667  0         0.083333       1
253  Mn    0.166667  0         0.25           1
254  Mn    0.166667  0         0.416667       1
255  Mn    0.166667  0         0.583333       1
256  Mn    0.166667  0         0.75           1
257  Mn    0.166667  0         0.916667       1
258  Mn    0.166667  0.166667  0.083333       1
259  Mn    0.166667  0.166667  0.25           1
260  Mn    0.166667  0.166667  0.416667       1
261  Mn    0.166667  0.166667  0.583333       1
262  Mn    0.166667  0.166667  0.75           1
263  Mn    0.166667  0.166667  0.916667       1
264  Mn    0.166667  0.333333  0.083333       1
265  Mn    0.166667  0.333333  0.25           1
266  Mn    0.166667  0.333333  0.416667       1
267  Mn    0.166667  0.333333  0.583333       1
268  Mn    0.166667  0.333333  0.75           1
269  Mn    0.166667  0.333333  0.916667       1
270  Mn    0.166667  0.5       0.083333       1
271  Mn    0.166667  0.5       0.25           1
272  Mn    0.166667  0.5       0.416667       1
273  Mn    0.166667  0.5       0.583333       1
274  Mn    0.166667  0.5       0.75           1
275  Mn    0.166667  0.5       0.916667       1
276  Mn    0.166667  0.666667  0.083333       1
277  Mn    0.166667  0.666667  0.25           1
278  Mn    0.166667  0.666667  0.416667       1
279  Mn    0.166667  0.666667  0.583333       1
280  Mn    0.166667  0.666667  0.75           1
281  Mn    0.166667  0.666667  0.916667       1
282  Mn    0.166667  0.833333  0.083333       1
283  Mn    0.166667  0.833333  0.25           1
284  Mn    0.166667  0.833333  0.416667       1
285  Mn    0.166667  0.833333  0.583333       1
286  Mn    0.166667  0.833333  0.75           1
287  Mn    0.166667  0.833333  0.916667       1
288  Mn    0.333333  0         0.083333       1
289  Mn    0.333333  0         0.25           1
290  Mn    0.333333  0         0.416667       1
291  Mn    0.333333  0         0.583333       1
292  Mn    0.333333  0         0.75           1
293  Mn    0.333333  0         0.916667       1
294  Mn    0.333333  0.166667  0.083333       1
295  Mn    0.333333  0.166667  0.25           1
296  Mn    0.333333  0.166667  0.416667       1
297  Mn    0.333333  0.166667  0.583333       1
298  Mn    0.333333  0.166667  0.75           1
299  Mn    0.333333  0.166667  0.916667       1
300  Mn    0.333333  0.333333  0.083333       1
301  Mn    0.333333  0.333333  0.25           1
302  Mn    0.333333  0.333333  0.416667       1
303  Mn    0.333333  0.333333  0.583333       1
304  Mn    0.333333  0.333333  0.75           1
305  Mn    0.333333  0.333333  0.916667       1
306  Mn    0.333333  0.5       0.083333       1
307  Mn    0.333333  0.5       0.25           1
308  Mn    0.333333  0.5       0.416667       1
309  Mn    0.333333  0.5       0.583333       1
310  Mn    0.333333  0.5       0.75           1
311  Mn    0.333333  0.5       0.916667       1
312  Mn    0.333333  0.666667  0.083333       1
313  Mn    0.333333  0.666667  0.25           1
314  Mn    0.333333  0.666667  0.416667       1
315  Mn    0.333333  0.666667  0.583333       1
316  Mn    0.333333  0.666667  0.75           1
317  Mn    0.333333  0.666667  0.916667       1
318  Mn    0.333333  0.833333  0.083333       1
319  Mn    0.333333  0.833333  0.25           1
320  Mn    0.333333  0.833333  0.416667       1
321  Mn    0.333333  0.833333  0.583333       1
322  Mn    0.333333  0.833333  0.75           1
323  Mn    0.333333  0.833333  0.916667       1
324  Mn    0.5       0         0.083333       1
325  Mn    0.5       0         0.25           1
326  Mn    0.5       0         0.416667       1
327  Mn    0.5       0         0.583333       1
328  Mn    0.5       0         0.75           1
329  Mn    0.5       0         0.916667       1
330  Mn    0.5       0.166667  0.083333       1
331  Mn    0.5       0.166667  0.25           1
332  Mn    0.5       0.166667  0.416667       1
333  Mn    0.5       0.166667  0.583333       1
334  Mn    0.5       0.166667  0.75           1
335  Mn    0.5       0.166667  0.916667       1
336  Mn    0.5       0.333333  0.083333       1
337  Mn    0.5       0.333333  0.25           1
338  Mn    0.5       0.333333  0.416667       1
339  Mn    0.5       0.333333  0.583333       1
340  Mn    0.5       0.333333  0.75           1
341  Mn    0.5       0.333333  0.916667       1
342  Mn    0.5       0.5       0.083333       1
343  Mn    0.5       0.5       0.25           1
344  Mn    0.5       0.5       0.416667       1
345  Mn    0.5       0.5       0.583333       1
346  Mn    0.5       0.5       0.75           1
347  Mn    0.5       0.5       0.916667       1
348  Mn    0.5       0.666667  0.083333       1
349  Mn    0.5       0.666667  0.25           1
350  Mn    0.5       0.666667  0.416667       1
351  Mn    0.5       0.666667  0.583333       1
352  Mn    0.5       0.666667  0.75           1
353  Mn    0.5       0.666667  0.916667       1
354  Mn    0.5       0.833333  0.083333       1
355  Mn    0.5       0.833333  0.25           1
356  Mn    0.5       0.833333  0.416667       1
357  Mn    0.5       0.833333  0.583333       1
358  Mn    0.5       0.833333  0.75           1
359  Mn    0.5       0.833333  0.916667       1
360  Mn    0.666667  0         0.083333       1
361  Mn    0.666667  0         0.25           1
362  Mn    0.666667  0         0.416667       1
363  Mn    0.666667  0         0.583333       1
364  Mn    0.666667  0         0.75           1
365  Mn    0.666667  0         0.916667       1
366  Mn    0.666667  0.166667  0.083333       1
367  Mn    0.666667  0.166667  0.25           1
368  Mn    0.666667  0.166667  0.416667       1
369  Mn    0.666667  0.166667  0.583333       1
370  Mn    0.666667  0.166667  0.75           1
371  Mn    0.666667  0.166667  0.916667       1
372  Mn    0.666667  0.333333  0.083333       1
373  Mn    0.666667  0.333333  0.25           1
374  Mn    0.666667  0.333333  0.416667       1
375  Mn    0.666667  0.333333  0.583333       1
376  Mn    0.666667  0.333333  0.75           1
377  Mn    0.666667  0.333333  0.916667       1
378  Mn    0.666667  0.5       0.083333       1
379  Mn    0.666667  0.5       0.25           1
380  Mn    0.666667  0.5       0.416667       1
381  Mn    0.666667  0.5       0.583333       1
382  Mn    0.666667  0.5       0.75           1
383  Mn    0.666667  0.5       0.916667       1
384  Mn    0.666667  0.666667  0.083333       1
385  Mn    0.666667  0.666667  0.25           1
386  Mn    0.666667  0.666667  0.416667       1
387  Mn    0.666667  0.666667  0.583333       1
388  Mn    0.666667  0.666667  0.75           1
389  Mn    0.666667  0.666667  0.916667       1
390  Mn    0.666667  0.833333  0.083333       1
391  Mn    0.666667  0.833333  0.25           1
392  Mn    0.666667  0.833333  0.416667       1
393  Mn    0.666667  0.833333  0.583333       1
394  Mn    0.666667  0.833333  0.75           1
395  Mn    0.666667  0.833333  0.916667       1
396  Mn    0.833333  0         0.083333       1
397  Mn    0.833333  0         0.25           1
398  Mn    0.833333  0         0.416667       1
399  Mn    0.833333  0         0.583333       1
400  Mn    0.833333  0         0.75           1
401  Mn    0.833333  0         0.916667       1
402  Mn    0.833333  0.166667  0.083333       1
403  Mn    0.833333  0.166667  0.25           1
404  Mn    0.833333  0.166667  0.416667       1
405  Mn    0.833333  0.166667  0.583333       1
406  Mn    0.833333  0.166667  0.75           1
407  Mn    0.833333  0.166667  0.916667       1
408  Mn    0.833333  0.333333  0.083333       1
409  Mn    0.833333  0.333333  0.25           1
410  Mn    0.833333  0.333333  0.416667       1
411  Mn    0.833333  0.333333  0.583333       1
412  Mn    0.833333  0.333333  0.75           1
413  Mn    0.833333  0.333333  0.916667       1
414  Mn    0.833333  0.5       0.083333       1
415  Mn    0.833333  0.5       0.25           1
416  Mn    0.833333  0.5       0.416667       1
417  Mn    0.833333  0.5       0.583333       1
418  Mn    0.833333  0.5       0.75           1
419  Mn    0.833333  0.5       0.916667       1
420  Mn    0.833333  0.666667  0.083333       1
421  Mn    0.833333  0.666667  0.25           1
422  Mn    0.833333  0.666667  0.416667       1
423  Mn    0.833333  0.666667  0.583333       1
424  Mn    0.833333  0.666667  0.75           1
425  Mn    0.833333  0.666667  0.916667       1
426  Mn    0.833333  0.833333  0.083333       1
427  Mn    0.833333  0.833333  0.25           1
428  Mn    0.833333  0.833333  0.416667       1
429  Mn    0.833333  0.833333  0.583333       1
430  Mn    0.833333  0.833333  0.75           1
431  Mn    0.833333  0.833333  0.916667       1
432  As    0.055556  0.111111  0.041667       2
433  As    0.055556  0.111111  0.208333       2
434  As    0.055556  0.111111  0.375          2
435  As    0.055556  0.111111  0.541667       2
436  As    0.055556  0.111111  0.708333       2
437  As    0.055556  0.111111  0.875          2
438  As    0.055556  0.277778  0.041667       2
439  As    0.055556  0.277778  0.208333       2
440  As    0.055556  0.277778  0.375          2
441  As    0.055556  0.277778  0.541667       2
442  As    0.055556  0.277778  0.708333       2
443  As    0.055556  0.277778  0.875          2
444  As    0.055556  0.444444  0.041667       2
445  As    0.055556  0.444444  0.208333       2
446  As    0.055556  0.444444  0.375          2
447  As    0.055556  0.444444  0.541667       2
448  As    0.055556  0.444444  0.708333       2
449  As    0.055556  0.444444  0.875          2
450  As    0.055556  0.611111  0.041667       2
451  As    0.055556  0.611111  0.208333       2
452  As    0.055556  0.611111  0.375          2
453  As    0.055556  0.611111  0.541667       2
454  As    0.055556  0.611111  0.708333       2
455  As    0.055556  0.611111  0.875          2
456  As    0.055556  0.777778  0.041667       2
457  As    0.055556  0.777778  0.208333       2
458  As    0.055556  0.777778  0.375          2
459  As    0.055556  0.777778  0.541667       2
460  As    0.055556  0.777778  0.708333       2
461  As    0.055556  0.777778  0.875          2
462  As    0.055556  0.944444  0.041667       2
463  As    0.055556  0.944444  0.208333       2
464  As    0.055556  0.944444  0.375          2
465  As    0.055556  0.944444  0.541667       2
466  As    0.055556  0.944444  0.708333       2
467  As    0.055556  0.944444  0.875          2
468  As    0.222222  0.111111  0.041667       2
469  As    0.222222  0.111111  0.208333       2
470  As    0.222222  0.111111  0.375          2
471  As    0.222222  0.111111  0.541667       2
472  As    0.222222  0.111111  0.708333       2
473  As    0.222222  0.111111  0.875          2
474  As    0.222222  0.277778  0.041667       2
475  As    0.222222  0.277778  0.208333       2
476  As    0.222222  0.277778  0.375          2
477  As    0.222222  0.277778  0.541667       2
478  As    0.222222  0.277778  0.708333       2
479  As    0.222222  0.277778  0.875          2
480  As    0.222222  0.444444  0.041667       2
481  As    0.222222  0.444444  0.208333       2
482  As    0.222222  0.444444  0.375          2
483  As    0.222222  0.444444  0.541667       2
484  As    0.222222  0.444444  0.708333       2
485  As    0.222222  0.444444  0.875          2
486  As    0.222222  0.611111  0.041667       2
487  As    0.222222  0.611111  0.208333       2
488  As    0.222222  0.611111  0.375          2
489  As    0.222222  0.611111  0.541667       2
490  As    0.222222  0.611111  0.708333       2
491  As    0.222222  0.611111  0.875          2
492  As    0.222222  0.777778  0.041667       2
493  As    0.222222  0.777778  0.208333       2
494  As    0.222222  0.777778  0.375          2
495  As    0.222222  0.777778  0.541667       2
496  As    0.222222  0.777778  0.708333       2
497  As    0.222222  0.777778  0.875          2
498  As    0.222222  0.944444  0.041667       2
499  As    0.222222  0.944444  0.208333       2
500  As    0.222222  0.944444  0.375          2
501  As    0.222222  0.944444  0.541667       2
502  As    0.222222  0.944444  0.708333       2
503  As    0.222222  0.944444  0.875          2
504  As    0.388889  0.111111  0.041667       2
505  As    0.388889  0.111111  0.208333       2
506  As    0.388889  0.111111  0.375          2
507  As    0.388889  0.111111  0.541667       2
508  As    0.388889  0.111111  0.708333       2
509  As    0.388889  0.111111  0.875          2
510  As    0.388889  0.277778  0.041667       2
511  As    0.388889  0.277778  0.208333       2
512  As    0.388889  0.277778  0.375          2
513  As    0.388889  0.277778  0.541667       2
514  As    0.388889  0.277778  0.708333       2
515  As    0.388889  0.277778  0.875          2
516  As    0.388889  0.444444  0.041667       2
517  As    0.388889  0.444444  0.208333       2
518  As    0.388889  0.444444  0.375          2
519  As    0.388889  0.444444  0.541667       2
520  As    0.388889  0.444444  0.708333       2
521  As    0.388889  0.444444  0.875          2
522  As    0.388889  0.611111  0.041667       2
523  As    0.388889  0.611111  0.208333       2
524  As    0.388889  0.611111  0.375          2
525  As    0.388889  0.611111  0.541667       2
526  As    0.388889  0.611111  0.708333       2
527  As    0.388889  0.611111  0.875          2
528  As    0.388889  0.777778  0.041667       2
529  As    0.388889  0.777778  0.208333       2
530  As    0.388889  0.777778  0.375          2
531  As    0.388889  0.777778  0.541667       2
532  As    0.388889  0.777778  0.708333       2
533  As    0.388889  0.777778  0.875          2
534  As    0.388889  0.944444  0.041667       2
535  As    0.388889  0.944444  0.208333       2
536  As    0.388889  0.944444  0.375          2
537  As    0.388889  0.944444  0.541667       2
538  As    0.388889  0.944444  0.708333       2
539  As    0.388889  0.944444  0.875          2
540  As    0.555556  0.111111  0.041667       2
541  As    0.555556  0.111111  0.208333       2
542  As    0.555556  0.111111  0.375          2
543  As    0.555556  0.111111  0.541667       2
544  As    0.555556  0.111111  0.708333       2
545  As    0.555556  0.111111  0.875          2
546  As    0.555556  0.277778  0.041667       2
547  As    0.555556  0.277778  0.208333       2
548  As    0.555556  0.277778  0.375          2
549  As    0.555556  0.277778  0.541667       2
550  As    0.555556  0.277778  0.708333       2
551  As    0.555556  0.277778  0.875          2
552  As    0.555556  0.444444  0.041667       2
553  As    0.555556  0.444444  0.208333       2
554  As    0.555556  0.444444  0.375          2
555  As    0.555556  0.444444  0.541667       2
556  As    0.555556  0.444444  0.708333       2
557  As    0.555556  0.444444  0.875          2
558  As    0.555556  0.611111  0.041667       2
559  As    0.555556  0.611111  0.208333       2
560  As    0.555556  0.611111  0.375          2
561  As    0.555556  0.611111  0.541667       2
562  As    0.555556  0.611111  0.708333       2
563  As    0.555556  0.611111  0.875          2
564  As    0.555556  0.777778  0.041667       2
565  As    0.555556  0.777778  0.208333       2
566  As    0.555556  0.777778  0.375          2
567  As    0.555556  0.777778  0.541667       2
568  As    0.555556  0.777778  0.708333       2
569  As    0.555556  0.777778  0.875          2
570  As    0.555556  0.944444  0.041667       2
571  As    0.555556  0.944444  0.208333       2
572  As    0.555556  0.944444  0.375          2
573  As    0.555556  0.944444  0.541667       2
574  As    0.555556  0.944444  0.708333       2
575  As    0.555556  0.944444  0.875          2
576  As    0.722222  0.111111  0.041667       2
577  As    0.722222  0.111111  0.208333       2
578  As    0.722222  0.111111  0.375          2
579  As    0.722222  0.111111  0.541667       2
580  As    0.722222  0.111111  0.708333       2
581  As    0.722222  0.111111  0.875          2
582  As    0.722222  0.277778  0.041667       2
583  As    0.722222  0.277778  0.208333       2
584  As    0.722222  0.277778  0.375          2
585  As    0.722222  0.277778  0.541667       2
586  As    0.722222  0.277778  0.708333       2
587  As    0.722222  0.277778  0.875          2
588  As    0.722222  0.444444  0.041667       2
589  As    0.722222  0.444444  0.208333       2
590  As    0.722222  0.444444  0.375          2
591  As    0.722222  0.444444  0.541667       2
592  As    0.722222  0.444444  0.708333       2
593  As    0.722222  0.444444  0.875          2
594  As    0.722222  0.611111  0.041667       2
595  As    0.722222  0.611111  0.208333       2
596  As    0.722222  0.611111  0.375          2
597  As    0.722222  0.611111  0.541667       2
598  As    0.722222  0.611111  0.708333       2
599  As    0.722222  0.611111  0.875          2
600  As    0.722222  0.777778  0.041667       2
601  As    0.722222  0.777778  0.208333       2
602  As    0.722222  0.777778  0.375          2
603  As    0.722222  0.777778  0.541667       2
604  As    0.722222  0.777778  0.708333       2
605  As    0.722222  0.777778  0.875          2
606  As    0.722222  0.944444  0.041667       2
607  As    0.722222  0.944444  0.208333       2
608  As    0.722222  0.944444  0.375          2
609  As    0.722222  0.944444  0.541667       2
610  As    0.722222  0.944444  0.708333       2
611  As    0.722222  0.944444  0.875          2
612  As    0.888889  0.111111  0.041667       2
613  As    0.888889  0.111111  0.208333       2
614  As    0.888889  0.111111  0.375          2
615  As    0.888889  0.111111  0.541667       2
616  As    0.888889  0.111111  0.708333       2
617  As    0.888889  0.111111  0.875          2
618  As    0.888889  0.277778  0.041667       2
619  As    0.888889  0.277778  0.208333       2
620  As    0.888889  0.277778  0.375          2
621  As    0.888889  0.277778  0.541667       2
622  As    0.888889  0.277778  0.708333       2
623  As    0.888889  0.277778  0.875          2
624  As    0.888889  0.444444  0.041667       2
625  As    0.888889  0.444444  0.208333       2
626  As    0.888889  0.444444  0.375          2
627  As    0.888889  0.444444  0.541667       2
628  As    0.888889  0.444444  0.708333       2
629  As    0.888889  0.444444  0.875          2
630  As    0.888889  0.611111  0.041667       2
631  As    0.888889  0.611111  0.208333       2
632  As    0.888889  0.611111  0.375          2
633  As    0.888889  0.611111  0.541667       2
634  As    0.888889  0.611111  0.708333       2
635  As    0.888889  0.611111  0.875          2
636  As    0.888889  0.777778  0.041667       2
637  As    0.888889  0.777778  0.208333       2
638  As    0.888889  0.777778  0.375          2
639  As    0.888889  0.777778  0.541667       2
640  As    0.888889  0.777778  0.708333       2
641  As    0.888889  0.777778  0.875          2
642  As    0.888889  0.944444  0.041667       2
643  As    0.888889  0.944444  0.208333       2
644  As    0.888889  0.944444  0.375          2
645  As    0.888889  0.944444  0.541667       2
646  As    0.888889  0.944444  0.708333       2
647  As    0.888889  0.944444  0.875          2
648  As    0.111111  0.055556  0.125          3
649  As    0.111111  0.055556  0.291667       3
650  As    0.111111  0.055556  0.458333       3
651  As    0.111111  0.055556  0.625          3
652  As    0.111111  0.055556  0.791667       3
653  As    0.111111  0.055556  0.958333       3
654  As    0.111111  0.222222  0.125          3
655  As    0.111111  0.222222  0.291667       3
656  As    0.111111  0.222222  0.458333       3
657  As    0.111111  0.222222  0.625          3
658  As    0.111111  0.222222  0.791667       3
659  As    0.111111  0.222222  0.958333       3
660  As    0.111111  0.388889  0.125          3
661  As    0.111111  0.388889  0.291667       3
662  As    0.111111  0.388889  0.458333       3
663  As    0.111111  0.388889  0.625          3
664  As    0.111111  0.388889  0.791667       3
665  As    0.111111  0.388889  0.958333       3
666  As    0.111111  0.555556  0.125          3
667  As    0.111111  0.555556  0.291667       3
668  As    0.111111  0.555556  0.458333       3
669  As    0.111111  0.555556  0.625          3
670  As    0.111111  0.555556  0.791667       3
671  As    0.111111  0.555556  0.958333       3
672  As    0.111111  0.722222  0.125          3
673  As    0.111111  0.722222  0.291667       3
674  As    0.111111  0.722222  0.458333       3
675  As    0.111111  0.722222  0.625          3
676  As    0.111111  0.722222  0.791667       3
677  As    0.111111  0.722222  0.958333       3
678  As    0.111111  0.888889  0.125          3
679  As    0.111111  0.888889  0.291667       3
680  As    0.111111  0.888889  0.458333       3
681  As    0.111111  0.888889  0.625          3
682  As    0.111111  0.888889  0.791667       3
683  As    0.111111  0.888889  0.958333       3
684  As    0.277778  0.055556  0.125          3
685  As    0.277778  0.055556  0.291667       3
686  As    0.277778  0.055556  0.458333       3
687  As    0.277778  0.055556  0.625          3
688  As    0.277778  0.055556  0.791667       3
689  As    0.277778  0.055556  0.958333       3
690  As    0.277778  0.222222  0.125          3
691  As    0.277778  0.222222  0.291667       3
692  As    0.277778  0.222222  0.458333       3
693  As    0.277778  0.222222  0.625          3
694  As    0.277778  0.222222  0.791667       3
695  As    0.277778  0.222222  0.958333       3
696  As    0.277778  0.388889  0.125          3
697  As    0.277778  0.388889  0.291667       3
698  As    0.277778  0.388889  0.458333       3
699  As    0.277778  0.388889  0.625          3
700  As    0.277778  0.388889  0.791667       3
701  As    0.277778  0.388889  0.958333       3
702  As    0.277778  0.555556  0.125          3
703  As    0.277778  0.555556  0.291667       3
704  As    0.277778  0.555556  0.458333       3
705  As    0.277778  0.555556  0.625          3
706  As    0.277778  0.555556  0.791667       3
707  As    0.277778  0.555556  0.958333       3
708  As    0.277778  0.722222  0.125          3
709  As    0.277778  0.722222  0.291667       3
710  As    0.277778  0.722222  0.458333       3
711  As    0.277778  0.722222  0.625          3
712  As    0.277778  0.722222  0.791667       3
713  As    0.277778  0.722222  0.958333       3
714  As    0.277778  0.888889  0.125          3
715  As    0.277778  0.888889  0.291667       3
716  As    0.277778  0.888889  0.458333       3
717  As    0.277778  0.888889  0.625          3
718  As    0.277778  0.888889  0.791667       3
719  As    0.277778  0.888889  0.958333       3
720  As    0.444444  0.055556  0.125          3
721  As    0.444444  0.055556  0.291667       3
722  As    0.444444  0.055556  0.458333       3
723  As    0.444444  0.055556  0.625          3
724  As    0.444444  0.055556  0.791667       3
725  As    0.444444  0.055556  0.958333       3
726  As    0.444444  0.222222  0.125          3
727  As    0.444444  0.222222  0.291667       3
728  As    0.444444  0.222222  0.458333       3
729  As    0.444444  0.222222  0.625          3
730  As    0.444444  0.222222  0.791667       3
731  As    0.444444  0.222222  0.958333       3
732  As    0.444444  0.388889  0.125          3
733  As    0.444444  0.388889  0.291667       3
734  As    0.444444  0.388889  0.458333       3
735  As    0.444444  0.388889  0.625          3
736  As    0.444444  0.388889  0.791667       3
737  As    0.444444  0.388889  0.958333       3
738  As    0.444444  0.555556  0.125          3
739  As    0.444444  0.555556  0.291667       3
740  As    0.444444  0.555556  0.458333       3
741  As    0.444444  0.555556  0.625          3
742  As    0.444444  0.555556  0.791667       3
743  As    0.444444  0.555556  0.958333       3
744  As    0.444444  0.722222  0.125          3
745  As    0.444444  0.722222  0.291667       3
746  As    0.444444  0.722222  0.458333       3
747  As    0.444444  0.722222  0.625          3
748  As    0.444444  0.722222  0.791667       3
749  As    0.444444  0.722222  0.958333       3
750  As    0.444444  0.888889  0.125          3
751  As    0.444444  0.888889  0.291667       3
752  As    0.444444  0.888889  0.458333       3
753  As    0.444444  0.888889  0.625          3
754  As    0.444444  0.888889  0.791667       3
755  As    0.444444  0.888889  0.958333       3
756  As    0.611111  0.055556  0.125          3
757  As    0.611111  0.055556  0.291667       3
758  As    0.611111  0.055556  0.458333       3
759  As    0.611111  0.055556  0.625          3
760  As    0.611111  0.055556  0.791667       3
761  As    0.611111  0.055556  0.958333       3
762  As    0.611111  0.222222  0.125          3
763  As    0.611111  0.222222  0.291667       3
764  As    0.611111  0.222222  0.458333       3
765  As    0.611111  0.222222  0.625          3
766  As    0.611111  0.222222  0.791667       3
767  As    0.611111  0.222222  0.958333       3
768  As    0.611111  0.388889  0.125          3
769  As    0.611111  0.388889  0.291667       3
770  As    0.611111  0.388889  0.458333       3
771  As    0.611111  0.388889  0.625          3
772  As    0.611111  0.388889  0.791667       3
773  As    0.611111  0.388889  0.958333       3
774  As    0.611111  0.555556  0.125          3
775  As    0.611111  0.555556  0.291667       3
776  As    0.611111  0.555556  0.458333       3
777  As    0.611111  0.555556  0.625          3
778  As    0.611111  0.555556  0.791667       3
779  As    0.611111  0.555556  0.958333       3
780  As    0.611111  0.722222  0.125          3
781  As    0.611111  0.722222  0.291667       3
782  As    0.611111  0.722222  0.458333       3
783  As    0.611111  0.722222  0.625          3
784  As    0.611111  0.722222  0.791667       3
785  As    0.611111  0.722222  0.958333       3
786  As    0.611111  0.888889  0.125          3
787  As    0.611111  0.888889  0.291667       3
788  As    0.611111  0.888889  0.458333       3
789  As    0.611111  0.888889  0.625          3
790  As    0.611111  0.888889  0.791667       3
791  As    0.611111  0.888889  0.958333       3
792  As    0.777778  0.055556  0.125          3
793  As    0.777778  0.055556  0.291667       3
794  As    0.777778  0.055556  0.458333       3
795  As    0.777778  0.055556  0.625          3
796  As    0.777778  0.055556  0.791667       3
797  As    0.777778  0.055556  0.958333       3
798  As    0.777778  0.222222  0.125          3
799  As    0.777778  0.222222  0.291667       3
800  As    0.777778  0.222222  0.458333       3
801  As    0.777778  0.222222  0.625          3
802  As    0.777778  0.222222  0.791667       3
803  As    0.777778  0.222222  0.958333       3
804  As    0.777778  0.388889  0.125          3
805  As    0.777778  0.388889  0.291667       3
806  As    0.777778  0.388889  0.458333       3
807  As    0.777778  0.388889  0.625          3
808  As    0.777778  0.388889  0.791667       3
809  As    0.777778  0.388889  0.958333       3
810  As    0.777778  0.555556  0.125          3
811  As    0.777778  0.555556  0.291667       3
812  As    0.777778  0.555556  0.458333       3
813  As    0.777778  0.555556  0.625          3
814  As    0.777778  0.555556  0.791667       3
815  As    0.777778  0.555556  0.958333       3
816  As    0.777778  0.722222  0.125          3
817  As    0.777778  0.722222  0.291667       3
818  As    0.777778  0.722222  0.458333       3
819  As    0.777778  0.722222  0.625          3
820  As    0.777778  0.722222  0.791667       3
821  As    0.777778  0.722222  0.958333       3
822  As    0.777778  0.888889  0.125          3
823  As    0.777778  0.888889  0.291667       3
824  As    0.777778  0.888889  0.458333       3
825  As    0.777778  0.888889  0.625          3
826  As    0.777778  0.888889  0.791667       3
827  As    0.777778  0.888889  0.958333       3
828  As    0.944444  0.055556  0.125          3
829  As    0.944444  0.055556  0.291667       3
830  As    0.944444  0.055556  0.458333       3
831  As    0.944444  0.055556  0.625          3
832  As    0.944444  0.055556  0.791667       3
833  As    0.944444  0.055556  0.958333       3
834  As    0.944444  0.222222  0.125          3
835  As    0.944444  0.222222  0.291667       3
836  As    0.944444  0.222222  0.458333       3
837  As    0.944444  0.222222  0.625          3
838  As    0.944444  0.222222  0.791667       3
839  As    0.944444  0.222222  0.958333       3
840  As    0.944444  0.388889  0.125          3
841  As    0.944444  0.388889  0.291667       3
842  As    0.944444  0.388889  0.458333       3
843  As    0.944444  0.388889  0.625          3
844  As    0.944444  0.388889  0.791667       3
845  As    0.944444  0.388889  0.958333       3
846  As    0.944444  0.555556  0.125          3
847  As    0.944444  0.555556  0.291667       3
848  As    0.944444  0.555556  0.458333       3
849  As    0.944444  0.555556  0.625          3
850  As    0.944444  0.555556  0.791667       3
851  As    0.944444  0.555556  0.958333       3
852  As    0.944444  0.722222  0.125          3
853  As    0.944444  0.722222  0.291667       3
854  As    0.944444  0.722222  0.458333       3
855  As    0.944444  0.722222  0.625          3
856  As    0.944444  0.722222  0.791667       3
857  As    0.944444  0.722222  0.958333       3
858  As    0.944444  0.888889  0.125          3
859  As    0.944444  0.888889  0.291667       3
860  As    0.944444  0.888889  0.458333       3
861  As    0.944444  0.888889  0.625          3
862  As    0.944444  0.888889  0.791667       3
863  As    0.944444  0.888889  0.958333       3
Full Formula (Mn258 Ni174 As432)
Reduced Formula: Mn43Ni29As72
abc   :  21.874824  21.874824  30.270396
angles:  90.000000  90.000000 120.000000
pbc   :       True       True       True
Sites (864)
  #  SP           a         b         c    tags
---  ----  --------  --------  --------  ------
  0  Mn    0         0         0              0
  1  Mn    0         0         0.166667       0
  2  Ni    0         0         0.333333       0
  3  Mn    0         0         0.5            0
  4  Mn    0         0         0.666667       0
  5  Ni    0         0         0.833333       0
  6  Ni    0         0.166667  0              0
  7  Mn    0         0.166667  0.166667       0
  8  Ni    0         0.166667  0.333333       0
  9  Mn    0         0.166667  0.5            0
 10  Mn    0         0.166667  0.666667       0
 11  Ni    0         0.166667  0.833333       0
 12  Mn    0         0.333333  0              0
 13  Mn    0         0.333333  0.166667       0
 14  Mn    0         0.333333  0.333333       0
 15  Mn    0         0.333333  0.5            0
 16  Mn    0         0.333333  0.666667       0
 17  Ni    0         0.333333  0.833333       0
 18  Ni    0         0.5       0              0
 19  Ni    0         0.5       0.166667       0
 20  Ni    0         0.5       0.333333       0
 21  Ni    0         0.5       0.5            0
 22  Mn    0         0.5       0.666667       0
 23  Ni    0         0.5       0.833333       0
 24  Mn    0         0.666667  0              0
 25  Ni    0         0.666667  0.166667       0
 26  Mn    0         0.666667  0.333333       0
 27  Mn    0         0.666667  0.5            0
 28  Mn    0         0.666667  0.666667       0
 29  Mn    0         0.666667  0.833333       0
 30  Ni    0         0.833333  0              0
 31  Ni    0         0.833333  0.166667       0
 32  Ni    0         0.833333  0.333333       0
 33  Mn    0         0.833333  0.5            0
 34  Ni    0         0.833333  0.666667       0
 35  Ni    0         0.833333  0.833333       0
 36  Mn    0.166667  0         0              0
 37  Ni    0.166667  0         0.166667       0
 38  Mn    0.166667  0         0.333333       0
 39  Ni    0.166667  0         0.5            0
 40  Mn    0.166667  0         0.666667       0
 41  Mn    0.166667  0         0.833333       0
 42  Ni    0.166667  0.166667  0              0
 43  Ni    0.166667  0.166667  0.166667       0
 44  Mn    0.166667  0.166667  0.333333       0
 45  Ni    0.166667  0.166667  0.5            0
 46  Mn    0.166667  0.166667  0.666667       0
 47  Mn    0.166667  0.166667  0.833333       0
 48  Mn    0.166667  0.333333  0              0
 49  Ni    0.166667  0.333333  0.166667       0
 50  Mn    0.166667  0.333333  0.333333       0
 51  Mn    0.166667  0.333333  0.5            0
 52  Mn    0.166667  0.333333  0.666667       0
 53  Ni    0.166667  0.333333  0.833333       0
 54  Ni    0.166667  0.5       0              0
 55  Mn    0.166667  0.5       0.166667       0
 56  Ni    0.166667  0.5       0.333333       0
 57  Ni    0.166667  0.5       0.5            0
 58  Mn    0.166667  0.5       0.666667       0
 59  Mn    0.166667  0.5       0.833333       0
 60  Ni    0.166667  0.666667  0              0
 61  Mn    0.166667  0.666667  0.166667       0
 62  Mn    0.166667  0.666667  0.333333       0
 63  Mn    0.166667  0.666667  0.5            0
 64  Mn    0.166667  0.666667  0.666667       0
 65  Mn    0.166667  0.666667  0.833333       0
 66  Ni    0.166667  0.833333  0              0
 67  Mn    0.166667  0.833333  0.166667       0
 68  Mn    0.166667  0.833333  0.333333       0
 69  Mn    0.166667  0.833333  0.5            0
 70  Mn    0.166667  0.833333  0.666667       0
 71  Ni    0.166667  0.833333  0.833333       0
 72  Mn    0.333333  0         0              0
 73  Ni    0.333333  0         0.166667       0
 74  Mn    0.333333  0         0.333333       0
 75  Ni    0.333333  0         0.5            0
 76  Ni    0.333333  0         0.666667       0
 77  Ni    0.333333  0         0.833333       0
 78  Mn    0.333333  0.166667  0              0
 79  Mn    0.333333  0.166667  0.166667       0
 80  Ni    0.333333  0.166667  0.333333       0
 81  Mn    0.333333  0.166667  0.5            0
 82  Mn    0.333333  0.166667  0.666667       0
 83  Mn    0.333333  0.166667  0.833333       0
 84  Mn    0.333333  0.333333  0              0
 85  Mn    0.333333  0.333333  0.166667       0
 86  Mn    0.333333  0.333333  0.333333       0
 87  Ni    0.333333  0.333333  0.5            0
 88  Mn    0.333333  0.333333  0.666667       0
 89  Mn    0.333333  0.333333  0.833333       0
 90  Ni    0.333333  0.5       0              0
 91  Ni    0.333333  0.5       0.166667       0
 92  Mn    0.333333  0.5       0.333333       0
 93  Ni    0.333333  0.5       0.5            0
 94  Mn    0.333333  0.5       0.666667       0
 95  Mn    0.333333  0.5       0.833333       0
 96  Ni    0.333333  0.666667  0              0
 97  Ni    0.333333  0.666667  0.166667       0
 98  Mn    0.333333  0.666667  0.333333       0
 99  Ni    0.333333  0.666667  0.5            0
100  Mn    0.333333  0.666667  0.666667       0
101  Mn    0.333333  0.666667  0.833333       0
102  Ni    0.333333  0.833333  0              0
103  Mn    0.333333  0.833333  0.166667       0
104  Mn    0.333333  0.833333  0.333333       0
105  Ni    0.333333  0.833333  0.5            0
106  Mn    0.333333  0.833333  0.666667       0
107  Mn    0.333333  0.833333  0.833333       0
108  Ni    0.5       0         0              0
109  Mn    0.5       0         0.166667       0
110  Mn    0.5       0         0.333333       0
111  Ni    0.5       0         0.5            0
112  Ni    0.5       0         0.666667       0
113  Mn    0.5       0         0.833333       0
114  Ni    0.5       0.166667  0              0
115  Mn    0.5       0.166667  0.166667       0
116  Mn    0.5       0.166667  0.333333       0
117  Ni    0.5       0.166667  0.5            0
118  Mn    0.5       0.166667  0.666667       0
119  Mn    0.5       0.166667  0.833333       0
120  Mn    0.5       0.333333  0              0
121  Mn    0.5       0.333333  0.166667       0
122  Ni    0.5       0.333333  0.333333       0
123  Mn    0.5       0.333333  0.5            0
124  Mn    0.5       0.333333  0.666667       0
125  Mn    0.5       0.333333  0.833333       0
126  Mn    0.5       0.5       0              0
127  Mn    0.5       0.5       0.166667       0
128  Mn    0.5       0.5       0.333333       0
129  Mn    0.5       0.5       0.5            0
130  Mn    0.5       0.5       0.666667       0
131  Ni    0.5       0.5       0.833333       0
132  Mn    0.5       0.666667  0              0
133  Ni    0.5       0.666667  0.166667       0
134  Mn    0.5       0.666667  0.333333       0
135  Ni    0.5       0.666667  0.5            0
136  Mn    0.5       0.666667  0.666667       0
137  Mn    0.5       0.666667  0.833333       0
138  Mn    0.5       0.833333  0              0
139  Mn    0.5       0.833333  0.166667       0
140  Ni    0.5       0.833333  0.333333       0
141  Mn    0.5       0.833333  0.5            0
142  Mn    0.5       0.833333  0.666667       0
143  Mn    0.5       0.833333  0.833333       0
144  Mn    0.666667  0         0              0
145  Ni    0.666667  0         0.166667       0
146  Mn    0.666667  0         0.333333       0
147  Mn    0.666667  0         0.5            0
148  Mn    0.666667  0         0.666667       0
149  Mn    0.666667  0         0.833333       0
150  Mn    0.666667  0.166667  0              0
151  Mn    0.666667  0.166667  0.166667       0
152  Ni    0.666667  0.166667  0.333333       0
153  Mn    0.666667  0.166667  0.5            0
154  Ni    0.666667  0.166667  0.666667       0
155  Ni    0.666667  0.166667  0.833333       0
156  Mn    0.666667  0.333333  0              0
157  Ni    0.666667  0.333333  0.166667       0
158  Mn    0.666667  0.333333  0.333333       0
159  Ni    0.666667  0.333333  0.5            0
160  Mn    0.666667  0.333333  0.666667       0
161  Mn    0.666667  0.333333  0.833333       0
162  Ni    0.666667  0.5       0              0
163  Mn    0.666667  0.5       0.166667       0
164  Mn    0.666667  0.5       0.333333       0
165  Ni    0.666667  0.5       0.5            0
166  Mn    0.666667  0.5       0.666667       0
167  Ni    0.666667  0.5       0.833333       0
168  Mn    0.666667  0.666667  0              0
169  Mn    0.666667  0.666667  0.166667       0
170  Ni    0.666667  0.666667  0.333333       0
171  Mn    0.666667  0.666667  0.5            0
172  Mn    0.666667  0.666667  0.666667       0
173  Ni    0.666667  0.666667  0.833333       0
174  Ni    0.666667  0.833333  0              0
175  Mn    0.666667  0.833333  0.166667       0
176  Ni    0.666667  0.833333  0.333333       0
177  Ni    0.666667  0.833333  0.5            0
178  Mn    0.666667  0.833333  0.666667       0
179  Ni    0.666667  0.833333  0.833333       0
180  Mn    0.833333  0         0              0
181  Mn    0.833333  0         0.166667       0
182  Ni    0.833333  0         0.333333       0
183  Ni    0.833333  0         0.5            0
184  Mn    0.833333  0         0.666667       0
185  Ni    0.833333  0         0.833333       0
186  Ni    0.833333  0.166667  0              0
187  Mn    0.833333  0.166667  0.166667       0
188  Mn    0.833333  0.166667  0.333333       0
189  Mn    0.833333  0.166667  0.5            0
190  Ni    0.833333  0.166667  0.666667       0
191  Mn    0.833333  0.166667  0.833333       0
192  Ni    0.833333  0.333333  0              0
193  Ni    0.833333  0.333333  0.166667       0
194  Mn    0.833333  0.333333  0.333333       0
195  Ni    0.833333  0.333333  0.5            0
196  Ni    0.833333  0.333333  0.666667       0
197  Ni    0.833333  0.333333  0.833333       0
198  Mn    0.833333  0.5       0              0
199  Mn    0.833333  0.5       0.166667       0
200  Ni    0.833333  0.5       0.333333       0
201  Mn    0.833333  0.5       0.5            0
202  Ni    0.833333  0.5       0.666667       0
203  Ni    0.833333  0.5       0.833333       0
204  Ni    0.833333  0.666667  0              0
205  Mn    0.833333  0.666667  0.166667       0
206  Mn    0.833333  0.666667  0.333333       0
207  Ni    0.833333  0.666667  0.5            0
208  Mn    0.833333  0.666667  0.666667       0
209  Ni    0.833333  0.666667  0.833333       0
210  Mn    0.833333  0.833333  0              0
211  Mn    0.833333  0.833333  0.166667       0
212  Mn    0.833333  0.833333  0.333333       0
213  Mn    0.833333  0.833333  0.5            0
214  Mn    0.833333  0.833333  0.666667       0
215  Ni    0.833333  0.833333  0.833333       0
216  Ni    0         0         0.083333       1
217  Ni    0         0         0.25           1
218  Ni    0         0         0.416667       1
219  Mn    0         0         0.583333       1
220  Ni    0         0         0.75           1
221  Mn    0         0         0.916667       1
222  Ni    0         0.166667  0.083333       1
223  Ni    0         0.166667  0.25           1
224  Mn    0         0.166667  0.416667       1
225  Mn    0         0.166667  0.583333       1
226  Ni    0         0.166667  0.75           1
227  Mn    0         0.166667  0.916667       1
228  Ni    0         0.333333  0.083333       1
229  Ni    0         0.333333  0.25           1
230  Ni    0         0.333333  0.416667       1
231  Mn    0         0.333333  0.583333       1
232  Mn    0         0.333333  0.75           1
233  Ni    0         0.333333  0.916667       1
234  Ni    0         0.5       0.083333       1
235  Mn    0         0.5       0.25           1
236  Mn    0         0.5       0.416667       1
237  Ni    0         0.5       0.583333       1
238  Ni    0         0.5       0.75           1
239  Ni    0         0.5       0.916667       1
240  Mn    0         0.666667  0.083333       1
241  Ni    0         0.666667  0.25           1
242  Ni    0         0.666667  0.416667       1
243  Ni    0         0.666667  0.583333       1
244  Ni    0         0.666667  0.75           1
245  Ni    0         0.666667  0.916667       1
246  Ni    0         0.833333  0.083333       1
247  Ni    0         0.833333  0.25           1
248  Ni    0         0.833333  0.416667       1
249  Mn    0         0.833333  0.583333       1
250  Ni    0         0.833333  0.75           1
251  Mn    0         0.833333  0.916667       1
252  Mn    0.166667  0         0.083333       1
253  Ni    0.166667  0         0.25           1
254  Mn    0.166667  0         0.416667       1
255  Ni    0.166667  0         0.583333       1
256  Mn    0.166667  0         0.75           1
257  Mn    0.166667  0         0.916667       1
258  Ni    0.166667  0.166667  0.083333       1
259  Ni    0.166667  0.166667  0.25           1
260  Mn    0.166667  0.166667  0.416667       1
261  Mn    0.166667  0.166667  0.583333       1
262  Ni    0.166667  0.166667  0.75           1
263  Ni    0.166667  0.166667  0.916667       1
264  Mn    0.166667  0.333333  0.083333       1
265  Mn    0.166667  0.333333  0.25           1
266  Mn    0.166667  0.333333  0.416667       1
267  Ni    0.166667  0.333333  0.583333       1
268  Mn    0.166667  0.333333  0.75           1
269  Ni    0.166667  0.333333  0.916667       1
270  Mn    0.166667  0.5       0.083333       1
271  Mn    0.166667  0.5       0.25           1
272  Ni    0.166667  0.5       0.416667       1
273  Mn    0.166667  0.5       0.583333       1
274  Ni    0.166667  0.5       0.75           1
275  Mn    0.166667  0.5       0.916667       1
276  Mn    0.166667  0.666667  0.083333       1
277  Mn    0.166667  0.666667  0.25           1
278  Mn    0.166667  0.666667  0.416667       1
279  Mn    0.166667  0.666667  0.583333       1
280  Mn    0.166667  0.666667  0.75           1
281  Ni    0.166667  0.666667  0.916667       1
282  Mn    0.166667  0.833333  0.083333       1
283  Mn    0.166667  0.833333  0.25           1
284  Ni    0.166667  0.833333  0.416667       1
285  Mn    0.166667  0.833333  0.583333       1
286  Mn    0.166667  0.833333  0.75           1
287  Mn    0.166667  0.833333  0.916667       1
288  Mn    0.333333  0         0.083333       1
289  Mn    0.333333  0         0.25           1
290  Ni    0.333333  0         0.416667       1
291  Ni    0.333333  0         0.583333       1
292  Mn    0.333333  0         0.75           1
293  Mn    0.333333  0         0.916667       1
294  Ni    0.333333  0.166667  0.083333       1
295  Ni    0.333333  0.166667  0.25           1
296  Mn    0.333333  0.166667  0.416667       1
297  Ni    0.333333  0.166667  0.583333       1
298  Mn    0.333333  0.166667  0.75           1
299  Mn    0.333333  0.166667  0.916667       1
300  Mn    0.333333  0.333333  0.083333       1
301  Mn    0.333333  0.333333  0.25           1
302  Ni    0.333333  0.333333  0.416667       1
303  Mn    0.333333  0.333333  0.583333       1
304  Mn    0.333333  0.333333  0.75           1
305  Mn    0.333333  0.333333  0.916667       1
306  Mn    0.333333  0.5       0.083333       1
307  Ni    0.333333  0.5       0.25           1
308  Ni    0.333333  0.5       0.416667       1
309  Mn    0.333333  0.5       0.583333       1
310  Mn    0.333333  0.5       0.75           1
311  Mn    0.333333  0.5       0.916667       1
312  Mn    0.333333  0.666667  0.083333       1
313  Ni    0.333333  0.666667  0.25           1
314  Mn    0.333333  0.666667  0.416667       1
315  Mn    0.333333  0.666667  0.583333       1
316  Mn    0.333333  0.666667  0.75           1
317  Mn    0.333333  0.666667  0.916667       1
318  Mn    0.333333  0.833333  0.083333       1
319  Mn    0.333333  0.833333  0.25           1
320  Ni    0.333333  0.833333  0.416667       1
321  Ni    0.333333  0.833333  0.583333       1
322  Ni    0.333333  0.833333  0.75           1
323  Ni    0.333333  0.833333  0.916667       1
324  Mn    0.5       0         0.083333       1
325  Mn    0.5       0         0.25           1
326  Ni    0.5       0         0.416667       1
327  Mn    0.5       0         0.583333       1
328  Mn    0.5       0         0.75           1
329  Ni    0.5       0         0.916667       1
330  Mn    0.5       0.166667  0.083333       1
331  Mn    0.5       0.166667  0.25           1
332  Mn    0.5       0.166667  0.416667       1
333  Mn    0.5       0.166667  0.583333       1
334  Ni    0.5       0.166667  0.75           1
335  Ni    0.5       0.166667  0.916667       1
336  Ni    0.5       0.333333  0.083333       1
337  Mn    0.5       0.333333  0.25           1
338  Mn    0.5       0.333333  0.416667       1
339  Mn    0.5       0.333333  0.583333       1
340  Mn    0.5       0.333333  0.75           1
341  Mn    0.5       0.333333  0.916667       1
342  Ni    0.5       0.5       0.083333       1
343  Mn    0.5       0.5       0.25           1
344  Ni    0.5       0.5       0.416667       1
345  Ni    0.5       0.5       0.583333       1
346  Mn    0.5       0.5       0.75           1
347  Mn    0.5       0.5       0.916667       1
348  Ni    0.5       0.666667  0.083333       1
349  Mn    0.5       0.666667  0.25           1
350  Mn    0.5       0.666667  0.416667       1
351  Ni    0.5       0.666667  0.583333       1
352  Mn    0.5       0.666667  0.75           1
353  Mn    0.5       0.666667  0.916667       1
354  Mn    0.5       0.833333  0.083333       1
355  Mn    0.5       0.833333  0.25           1
356  Mn    0.5       0.833333  0.416667       1
357  Ni    0.5       0.833333  0.583333       1
358  Mn    0.5       0.833333  0.75           1
359  Mn    0.5       0.833333  0.916667       1
360  Ni    0.666667  0         0.083333       1
361  Mn    0.666667  0         0.25           1
362  Ni    0.666667  0         0.416667       1
363  Mn    0.666667  0         0.583333       1
364  Mn    0.666667  0         0.75           1
365  Ni    0.666667  0         0.916667       1
366  Mn    0.666667  0.166667  0.083333       1
367  Mn    0.666667  0.166667  0.25           1
368  Mn    0.666667  0.166667  0.416667       1
369  Mn    0.666667  0.166667  0.583333       1
370  Mn    0.666667  0.166667  0.75           1
371  Mn    0.666667  0.166667  0.916667       1
372  Mn    0.666667  0.333333  0.083333       1
373  Mn    0.666667  0.333333  0.25           1
374  Mn    0.666667  0.333333  0.416667       1
375  Mn    0.666667  0.333333  0.583333       1
376  Mn    0.666667  0.333333  0.75           1
377  Mn    0.666667  0.333333  0.916667       1
378  Ni    0.666667  0.5       0.083333       1
379  Ni    0.666667  0.5       0.25           1
380  Mn    0.666667  0.5       0.416667       1
381  Mn    0.666667  0.5       0.583333       1
382  Ni    0.666667  0.5       0.75           1
383  Mn    0.666667  0.5       0.916667       1
384  Mn    0.666667  0.666667  0.083333       1
385  Ni    0.666667  0.666667  0.25           1
386  Ni    0.666667  0.666667  0.416667       1
387  Mn    0.666667  0.666667  0.583333       1
388  Mn    0.666667  0.666667  0.75           1
389  Ni    0.666667  0.666667  0.916667       1
390  Mn    0.666667  0.833333  0.083333       1
391  Mn    0.666667  0.833333  0.25           1
392  Mn    0.666667  0.833333  0.416667       1
393  Ni    0.666667  0.833333  0.583333       1
394  Ni    0.666667  0.833333  0.75           1
395  Ni    0.666667  0.833333  0.916667       1
396  Ni    0.833333  0         0.083333       1
397  Mn    0.833333  0         0.25           1
398  Mn    0.833333  0         0.416667       1
399  Mn    0.833333  0         0.583333       1
400  Mn    0.833333  0         0.75           1
401  Ni    0.833333  0         0.916667       1
402  Mn    0.833333  0.166667  0.083333       1
403  Ni    0.833333  0.166667  0.25           1
404  Ni    0.833333  0.166667  0.416667       1
405  Mn    0.833333  0.166667  0.583333       1
406  Mn    0.833333  0.166667  0.75           1
407  Ni    0.833333  0.166667  0.916667       1
408  Mn    0.833333  0.333333  0.083333       1
409  Ni    0.833333  0.333333  0.25           1
410  Ni    0.833333  0.333333  0.416667       1
411  Mn    0.833333  0.333333  0.583333       1
412  Mn    0.833333  0.333333  0.75           1
413  Mn    0.833333  0.333333  0.916667       1
414  Mn    0.833333  0.5       0.083333       1
415  Ni    0.833333  0.5       0.25           1
416  Mn    0.833333  0.5       0.416667       1
417  Ni    0.833333  0.5       0.583333       1
418  Mn    0.833333  0.5       0.75           1
419  Ni    0.833333  0.5       0.916667       1
420  Ni    0.833333  0.666667  0.083333       1
421  Ni    0.833333  0.666667  0.25           1
422  Ni    0.833333  0.666667  0.416667       1
423  Ni    0.833333  0.666667  0.583333       1
424  Mn    0.833333  0.666667  0.75           1
425  Mn    0.833333  0.666667  0.916667       1
426  Mn    0.833333  0.833333  0.083333       1
427  Ni    0.833333  0.833333  0.25           1
428  Ni    0.833333  0.833333  0.416667       1
429  Mn    0.833333  0.833333  0.583333       1
430  Mn    0.833333  0.833333  0.75           1
431  Mn    0.833333  0.833333  0.916667       1
432  As    0.055556  0.111111  0.041667       2
433  As    0.055556  0.111111  0.208333       2
434  As    0.055556  0.111111  0.375          2
435  As    0.055556  0.111111  0.541667       2
436  As    0.055556  0.111111  0.708333       2
437  As    0.055556  0.111111  0.875          2
438  As    0.055556  0.277778  0.041667       2
439  As    0.055556  0.277778  0.208333       2
440  As    0.055556  0.277778  0.375          2
441  As    0.055556  0.277778  0.541667       2
442  As    0.055556  0.277778  0.708333       2
443  As    0.055556  0.277778  0.875          2
444  As    0.055556  0.444444  0.041667       2
445  As    0.055556  0.444444  0.208333       2
446  As    0.055556  0.444444  0.375          2
447  As    0.055556  0.444444  0.541667       2
448  As    0.055556  0.444444  0.708333       2
449  As    0.055556  0.444444  0.875          2
450  As    0.055556  0.611111  0.041667       2
451  As    0.055556  0.611111  0.208333       2
452  As    0.055556  0.611111  0.375          2
453  As    0.055556  0.611111  0.541667       2
454  As    0.055556  0.611111  0.708333       2
455  As    0.055556  0.611111  0.875          2
456  As    0.055556  0.777778  0.041667       2
457  As    0.055556  0.777778  0.208333       2
458  As    0.055556  0.777778  0.375          2
459  As    0.055556  0.777778  0.541667       2
460  As    0.055556  0.777778  0.708333       2
461  As    0.055556  0.777778  0.875          2
462  As    0.055556  0.944444  0.041667       2
463  As    0.055556  0.944444  0.208333       2
464  As    0.055556  0.944444  0.375          2
465  As    0.055556  0.944444  0.541667       2
466  As    0.055556  0.944444  0.708333       2
467  As    0.055556  0.944444  0.875          2
468  As    0.222222  0.111111  0.041667       2
469  As    0.222222  0.111111  0.208333       2
470  As    0.222222  0.111111  0.375          2
471  As    0.222222  0.111111  0.541667       2
472  As    0.222222  0.111111  0.708333       2
473  As    0.222222  0.111111  0.875          2
474  As    0.222222  0.277778  0.041667       2
475  As    0.222222  0.277778  0.208333       2
476  As    0.222222  0.277778  0.375          2
477  As    0.222222  0.277778  0.541667       2
478  As    0.222222  0.277778  0.708333       2
479  As    0.222222  0.277778  0.875          2
480  As    0.222222  0.444444  0.041667       2
481  As    0.222222  0.444444  0.208333       2
482  As    0.222222  0.444444  0.375          2
483  As    0.222222  0.444444  0.541667       2
484  As    0.222222  0.444444  0.708333       2
485  As    0.222222  0.444444  0.875          2
486  As    0.222222  0.611111  0.041667       2
487  As    0.222222  0.611111  0.208333       2
488  As    0.222222  0.611111  0.375          2
489  As    0.222222  0.611111  0.541667       2
490  As    0.222222  0.611111  0.708333       2
491  As    0.222222  0.611111  0.875          2
492  As    0.222222  0.777778  0.041667       2
493  As    0.222222  0.777778  0.208333       2
494  As    0.222222  0.777778  0.375          2
495  As    0.222222  0.777778  0.541667       2
496  As    0.222222  0.777778  0.708333       2
497  As    0.222222  0.777778  0.875          2
498  As    0.222222  0.944444  0.041667       2
499  As    0.222222  0.944444  0.208333       2
500  As    0.222222  0.944444  0.375          2
501  As    0.222222  0.944444  0.541667       2
502  As    0.222222  0.944444  0.708333       2
503  As    0.222222  0.944444  0.875          2
504  As    0.388889  0.111111  0.041667       2
505  As    0.388889  0.111111  0.208333       2
506  As    0.388889  0.111111  0.375          2
507  As    0.388889  0.111111  0.541667       2
508  As    0.388889  0.111111  0.708333       2
509  As    0.388889  0.111111  0.875          2
510  As    0.388889  0.277778  0.041667       2
511  As    0.388889  0.277778  0.208333       2
512  As    0.388889  0.277778  0.375          2
513  As    0.388889  0.277778  0.541667       2
514  As    0.388889  0.277778  0.708333       2
515  As    0.388889  0.277778  0.875          2
516  As    0.388889  0.444444  0.041667       2
517  As    0.388889  0.444444  0.208333       2
518  As    0.388889  0.444444  0.375          2
519  As    0.388889  0.444444  0.541667       2
520  As    0.388889  0.444444  0.708333       2
521  As    0.388889  0.444444  0.875          2
522  As    0.388889  0.611111  0.041667       2
523  As    0.388889  0.611111  0.208333       2
524  As    0.388889  0.611111  0.375          2
525  As    0.388889  0.611111  0.541667       2
526  As    0.388889  0.611111  0.708333       2
527  As    0.388889  0.611111  0.875          2
528  As    0.388889  0.777778  0.041667       2
529  As    0.388889  0.777778  0.208333       2
530  As    0.388889  0.777778  0.375          2
531  As    0.388889  0.777778  0.541667       2
532  As    0.388889  0.777778  0.708333       2
533  As    0.388889  0.777778  0.875          2
534  As    0.388889  0.944444  0.041667       2
535  As    0.388889  0.944444  0.208333       2
536  As    0.388889  0.944444  0.375          2
537  As    0.388889  0.944444  0.541667       2
538  As    0.388889  0.944444  0.708333       2
539  As    0.388889  0.944444  0.875          2
540  As    0.555556  0.111111  0.041667       2
541  As    0.555556  0.111111  0.208333       2
542  As    0.555556  0.111111  0.375          2
543  As    0.555556  0.111111  0.541667       2
544  As    0.555556  0.111111  0.708333       2
545  As    0.555556  0.111111  0.875          2
546  As    0.555556  0.277778  0.041667       2
547  As    0.555556  0.277778  0.208333       2
548  As    0.555556  0.277778  0.375          2
549  As    0.555556  0.277778  0.541667       2
550  As    0.555556  0.277778  0.708333       2
551  As    0.555556  0.277778  0.875          2
552  As    0.555556  0.444444  0.041667       2
553  As    0.555556  0.444444  0.208333       2
554  As    0.555556  0.444444  0.375          2
555  As    0.555556  0.444444  0.541667       2
556  As    0.555556  0.444444  0.708333       2
557  As    0.555556  0.444444  0.875          2
558  As    0.555556  0.611111  0.041667       2
559  As    0.555556  0.611111  0.208333       2
560  As    0.555556  0.611111  0.375          2
561  As    0.555556  0.611111  0.541667       2
562  As    0.555556  0.611111  0.708333       2
563  As    0.555556  0.611111  0.875          2
564  As    0.555556  0.777778  0.041667       2
565  As    0.555556  0.777778  0.208333       2
566  As    0.555556  0.777778  0.375          2
567  As    0.555556  0.777778  0.541667       2
568  As    0.555556  0.777778  0.708333       2
569  As    0.555556  0.777778  0.875          2
570  As    0.555556  0.944444  0.041667       2
571  As    0.555556  0.944444  0.208333       2
572  As    0.555556  0.944444  0.375          2
573  As    0.555556  0.944444  0.541667       2
574  As    0.555556  0.944444  0.708333       2
575  As    0.555556  0.944444  0.875          2
576  As    0.722222  0.111111  0.041667       2
577  As    0.722222  0.111111  0.208333       2
578  As    0.722222  0.111111  0.375          2
579  As    0.722222  0.111111  0.541667       2
580  As    0.722222  0.111111  0.708333       2
581  As    0.722222  0.111111  0.875          2
582  As    0.722222  0.277778  0.041667       2
583  As    0.722222  0.277778  0.208333       2
584  As    0.722222  0.277778  0.375          2
585  As    0.722222  0.277778  0.541667       2
586  As    0.722222  0.277778  0.708333       2
587  As    0.722222  0.277778  0.875          2
588  As    0.722222  0.444444  0.041667       2
589  As    0.722222  0.444444  0.208333       2
590  As    0.722222  0.444444  0.375          2
591  As    0.722222  0.444444  0.541667       2
592  As    0.722222  0.444444  0.708333       2
593  As    0.722222  0.444444  0.875          2
594  As    0.722222  0.611111  0.041667       2
595  As    0.722222  0.611111  0.208333       2
596  As    0.722222  0.611111  0.375          2
597  As    0.722222  0.611111  0.541667       2
598  As    0.722222  0.611111  0.708333       2
599  As    0.722222  0.611111  0.875          2
600  As    0.722222  0.777778  0.041667       2
601  As    0.722222  0.777778  0.208333       2
602  As    0.722222  0.777778  0.375          2
603  As    0.722222  0.777778  0.541667       2
604  As    0.722222  0.777778  0.708333       2
605  As    0.722222  0.777778  0.875          2
606  As    0.722222  0.944444  0.041667       2
607  As    0.722222  0.944444  0.208333       2
608  As    0.722222  0.944444  0.375          2
609  As    0.722222  0.944444  0.541667       2
610  As    0.722222  0.944444  0.708333       2
611  As    0.722222  0.944444  0.875          2
612  As    0.888889  0.111111  0.041667       2
613  As    0.888889  0.111111  0.208333       2
614  As    0.888889  0.111111  0.375          2
615  As    0.888889  0.111111  0.541667       2
616  As    0.888889  0.111111  0.708333       2
617  As    0.888889  0.111111  0.875          2
618  As    0.888889  0.277778  0.041667       2
619  As    0.888889  0.277778  0.208333       2
620  As    0.888889  0.277778  0.375          2
621  As    0.888889  0.277778  0.541667       2
622  As    0.888889  0.277778  0.708333       2
623  As    0.888889  0.277778  0.875          2
624  As    0.888889  0.444444  0.041667       2
625  As    0.888889  0.444444  0.208333       2
626  As    0.888889  0.444444  0.375          2
627  As    0.888889  0.444444  0.541667       2
628  As    0.888889  0.444444  0.708333       2
629  As    0.888889  0.444444  0.875          2
630  As    0.888889  0.611111  0.041667       2
631  As    0.888889  0.611111  0.208333       2
632  As    0.888889  0.611111  0.375          2
633  As    0.888889  0.611111  0.541667       2
634  As    0.888889  0.611111  0.708333       2
635  As    0.888889  0.611111  0.875          2
636  As    0.888889  0.777778  0.041667       2
637  As    0.888889  0.777778  0.208333       2
638  As    0.888889  0.777778  0.375          2
639  As    0.888889  0.777778  0.541667       2
640  As    0.888889  0.777778  0.708333       2
641  As    0.888889  0.777778  0.875          2
642  As    0.888889  0.944444  0.041667       2
643  As    0.888889  0.944444  0.208333       2
644  As    0.888889  0.944444  0.375          2
645  As    0.888889  0.944444  0.541667       2
646  As    0.888889  0.944444  0.708333       2
647  As    0.888889  0.944444  0.875          2
648  As    0.111111  0.055556  0.125          3
649  As    0.111111  0.055556  0.291667       3
650  As    0.111111  0.055556  0.458333       3
651  As    0.111111  0.055556  0.625          3
652  As    0.111111  0.055556  0.791667       3
653  As    0.111111  0.055556  0.958333       3
654  As    0.111111  0.222222  0.125          3
655  As    0.111111  0.222222  0.291667       3
656  As    0.111111  0.222222  0.458333       3
657  As    0.111111  0.222222  0.625          3
658  As    0.111111  0.222222  0.791667       3
659  As    0.111111  0.222222  0.958333       3
660  As    0.111111  0.388889  0.125          3
661  As    0.111111  0.388889  0.291667       3
662  As    0.111111  0.388889  0.458333       3
663  As    0.111111  0.388889  0.625          3
664  As    0.111111  0.388889  0.791667       3
665  As    0.111111  0.388889  0.958333       3
666  As    0.111111  0.555556  0.125          3
667  As    0.111111  0.555556  0.291667       3
668  As    0.111111  0.555556  0.458333       3
669  As    0.111111  0.555556  0.625          3
670  As    0.111111  0.555556  0.791667       3
671  As    0.111111  0.555556  0.958333       3
672  As    0.111111  0.722222  0.125          3
673  As    0.111111  0.722222  0.291667       3
674  As    0.111111  0.722222  0.458333       3
675  As    0.111111  0.722222  0.625          3
676  As    0.111111  0.722222  0.791667       3
677  As    0.111111  0.722222  0.958333       3
678  As    0.111111  0.888889  0.125          3
679  As    0.111111  0.888889  0.291667       3
680  As    0.111111  0.888889  0.458333       3
681  As    0.111111  0.888889  0.625          3
682  As    0.111111  0.888889  0.791667       3
683  As    0.111111  0.888889  0.958333       3
684  As    0.277778  0.055556  0.125          3
685  As    0.277778  0.055556  0.291667       3
686  As    0.277778  0.055556  0.458333       3
687  As    0.277778  0.055556  0.625          3
688  As    0.277778  0.055556  0.791667       3
689  As    0.277778  0.055556  0.958333       3
690  As    0.277778  0.222222  0.125          3
691  As    0.277778  0.222222  0.291667       3
692  As    0.277778  0.222222  0.458333       3
693  As    0.277778  0.222222  0.625          3
694  As    0.277778  0.222222  0.791667       3
695  As    0.277778  0.222222  0.958333       3
696  As    0.277778  0.388889  0.125          3
697  As    0.277778  0.388889  0.291667       3
698  As    0.277778  0.388889  0.458333       3
699  As    0.277778  0.388889  0.625          3
700  As    0.277778  0.388889  0.791667       3
701  As    0.277778  0.388889  0.958333       3
702  As    0.277778  0.555556  0.125          3
703  As    0.277778  0.555556  0.291667       3
704  As    0.277778  0.555556  0.458333       3
705  As    0.277778  0.555556  0.625          3
706  As    0.277778  0.555556  0.791667       3
707  As    0.277778  0.555556  0.958333       3
708  As    0.277778  0.722222  0.125          3
709  As    0.277778  0.722222  0.291667       3
710  As    0.277778  0.722222  0.458333       3
711  As    0.277778  0.722222  0.625          3
712  As    0.277778  0.722222  0.791667       3
713  As    0.277778  0.722222  0.958333       3
714  As    0.277778  0.888889  0.125          3
715  As    0.277778  0.888889  0.291667       3
716  As    0.277778  0.888889  0.458333       3
717  As    0.277778  0.888889  0.625          3
718  As    0.277778  0.888889  0.791667       3
719  As    0.277778  0.888889  0.958333       3
720  As    0.444444  0.055556  0.125          3
721  As    0.444444  0.055556  0.291667       3
722  As    0.444444  0.055556  0.458333       3
723  As    0.444444  0.055556  0.625          3
724  As    0.444444  0.055556  0.791667       3
725  As    0.444444  0.055556  0.958333       3
726  As    0.444444  0.222222  0.125          3
727  As    0.444444  0.222222  0.291667       3
728  As    0.444444  0.222222  0.458333       3
729  As    0.444444  0.222222  0.625          3
730  As    0.444444  0.222222  0.791667       3
731  As    0.444444  0.222222  0.958333       3
732  As    0.444444  0.388889  0.125          3
733  As    0.444444  0.388889  0.291667       3
734  As    0.444444  0.388889  0.458333       3
735  As    0.444444  0.388889  0.625          3
736  As    0.444444  0.388889  0.791667       3
737  As    0.444444  0.388889  0.958333       3
738  As    0.444444  0.555556  0.125          3
739  As    0.444444  0.555556  0.291667       3
740  As    0.444444  0.555556  0.458333       3
741  As    0.444444  0.555556  0.625          3
742  As    0.444444  0.555556  0.791667       3
743  As    0.444444  0.555556  0.958333       3
744  As    0.444444  0.722222  0.125          3
745  As    0.444444  0.722222  0.291667       3
746  As    0.444444  0.722222  0.458333       3
747  As    0.444444  0.722222  0.625          3
748  As    0.444444  0.722222  0.791667       3
749  As    0.444444  0.722222  0.958333       3
750  As    0.444444  0.888889  0.125          3
751  As    0.444444  0.888889  0.291667       3
752  As    0.444444  0.888889  0.458333       3
753  As    0.444444  0.888889  0.625          3
754  As    0.444444  0.888889  0.791667       3
755  As    0.444444  0.888889  0.958333       3
756  As    0.611111  0.055556  0.125          3
757  As    0.611111  0.055556  0.291667       3
758  As    0.611111  0.055556  0.458333       3
759  As    0.611111  0.055556  0.625          3
760  As    0.611111  0.055556  0.791667       3
761  As    0.611111  0.055556  0.958333       3
762  As    0.611111  0.222222  0.125          3
763  As    0.611111  0.222222  0.291667       3
764  As    0.611111  0.222222  0.458333       3
765  As    0.611111  0.222222  0.625          3
766  As    0.611111  0.222222  0.791667       3
767  As    0.611111  0.222222  0.958333       3
768  As    0.611111  0.388889  0.125          3
769  As    0.611111  0.388889  0.291667       3
770  As    0.611111  0.388889  0.458333       3
771  As    0.611111  0.388889  0.625          3
772  As    0.611111  0.388889  0.791667       3
773  As    0.611111  0.388889  0.958333       3
774  As    0.611111  0.555556  0.125          3
775  As    0.611111  0.555556  0.291667       3
776  As    0.611111  0.555556  0.458333       3
777  As    0.611111  0.555556  0.625          3
778  As    0.611111  0.555556  0.791667       3
779  As    0.611111  0.555556  0.958333       3
780  As    0.611111  0.722222  0.125          3
781  As    0.611111  0.722222  0.291667       3
782  As    0.611111  0.722222  0.458333       3
783  As    0.611111  0.722222  0.625          3
784  As    0.611111  0.722222  0.791667       3
785  As    0.611111  0.722222  0.958333       3
786  As    0.611111  0.888889  0.125          3
787  As    0.611111  0.888889  0.291667       3
788  As    0.611111  0.888889  0.458333       3
789  As    0.611111  0.888889  0.625          3
790  As    0.611111  0.888889  0.791667       3
791  As    0.611111  0.888889  0.958333       3
792  As    0.777778  0.055556  0.125          3
793  As    0.777778  0.055556  0.291667       3
794  As    0.777778  0.055556  0.458333       3
795  As    0.777778  0.055556  0.625          3
796  As    0.777778  0.055556  0.791667       3
797  As    0.777778  0.055556  0.958333       3
798  As    0.777778  0.222222  0.125          3
799  As    0.777778  0.222222  0.291667       3
800  As    0.777778  0.222222  0.458333       3
801  As    0.777778  0.222222  0.625          3
802  As    0.777778  0.222222  0.791667       3
803  As    0.777778  0.222222  0.958333       3
804  As    0.777778  0.388889  0.125          3
805  As    0.777778  0.388889  0.291667       3
806  As    0.777778  0.388889  0.458333       3
807  As    0.777778  0.388889  0.625          3
808  As    0.777778  0.388889  0.791667       3
809  As    0.777778  0.388889  0.958333       3
810  As    0.777778  0.555556  0.125          3
811  As    0.777778  0.555556  0.291667       3
812  As    0.777778  0.555556  0.458333       3
813  As    0.777778  0.555556  0.625          3
814  As    0.777778  0.555556  0.791667       3
815  As    0.777778  0.555556  0.958333       3
816  As    0.777778  0.722222  0.125          3
817  As    0.777778  0.722222  0.291667       3
818  As    0.777778  0.722222  0.458333       3
819  As    0.777778  0.722222  0.625          3
820  As    0.777778  0.722222  0.791667       3
821  As    0.777778  0.722222  0.958333       3
822  As    0.777778  0.888889  0.125          3
823  As    0.777778  0.888889  0.291667       3
824  As    0.777778  0.888889  0.458333       3
825  As    0.777778  0.888889  0.625          3
826  As    0.777778  0.888889  0.791667       3
827  As    0.777778  0.888889  0.958333       3
828  As    0.944444  0.055556  0.125          3
829  As    0.944444  0.055556  0.291667       3
830  As    0.944444  0.055556  0.458333       3
831  As    0.944444  0.055556  0.625          3
832  As    0.944444  0.055556  0.791667       3
833  As    0.944444  0.055556  0.958333       3
834  As    0.944444  0.222222  0.125          3
835  As    0.944444  0.222222  0.291667       3
836  As    0.944444  0.222222  0.458333       3
837  As    0.944444  0.222222  0.625          3
838  As    0.944444  0.222222  0.791667       3
839  As    0.944444  0.222222  0.958333       3
840  As    0.944444  0.388889  0.125          3
841  As    0.944444  0.388889  0.291667       3
842  As    0.944444  0.388889  0.458333       3
843  As    0.944444  0.388889  0.625          3
844  As    0.944444  0.388889  0.791667       3
845  As    0.944444  0.388889  0.958333       3
846  As    0.944444  0.555556  0.125          3
847  As    0.944444  0.555556  0.291667       3
848  As    0.944444  0.555556  0.458333       3
849  As    0.944444  0.555556  0.625          3
850  As    0.944444  0.555556  0.791667       3
851  As    0.944444  0.555556  0.958333       3
852  As    0.944444  0.722222  0.125          3
853  As    0.944444  0.722222  0.291667       3
854  As    0.944444  0.722222  0.458333       3
855  As    0.944444  0.722222  0.625          3
856  As    0.944444  0.722222  0.791667       3
857  As    0.944444  0.722222  0.958333       3
858  As    0.944444  0.888889  0.125          3
859  As    0.944444  0.888889  0.291667       3
860  As    0.944444  0.888889  0.458333       3
861  As    0.944444  0.888889  0.625          3
862  As    0.944444  0.888889  0.791667       3
863  As    0.944444  0.888889  0.958333       3
