/project/6001368/valmzztt/MnNiAs/MnNiAs-scf-conc/cluster-exp-loocv.py:55: UserWarning: We have created the cluster subspace
  warnings.warn("We have created the cluster subspace")
/home/valmzztt/smol_env/lib/python3.9/site-packages/smol/cofe/wrangling/wrangler.py:808: UserWarning: The following structures have duplicated correlation vectors:
 Index 6 - Mn6 Ni4 As10 energy=-130.28209177
Index 26 - Ni4 Mn6 As10 energy=-130.27208696
 Consider adding more terms to the clustersubspace or filtering duplicates.
  warnings.warn(
/project/6001368/valmzztt/MnNiAs/MnNiAs-scf-conc/cluster-exp-loocv.py:73: UserWarning: 
Total structures that match 30/30
  warnings.warn(f'\nTotal structures that match {wrangler.num_structures}/{len(entries)}')
Basis/Orthogonal/Orthonormal : indicator/False/False
       Unit Cell Composition : Mn1.2 Ni0.8 As2
            Number of Orbits : 102
No. of Correlation Functions : 102
             Cluster Cutoffs : 2: 6.80, 3: 6.80, 4: 6.80
              External Terms : []
Regression Data : estimator=RidgeCV
                  module=sklearn.linear_model._ridge
                  parameters={'alpha_per_target': True, 'alphas': (1e-06, 100, 1000), 'cv': None, 'fit_intercept': False, 'gcv_mode': 'eigen', 'scoring': None, 'store_cv_values': True}
Target Property    : mean=-26.1296  std=0.0451
ECI-based Property : mean=-15.1171  std=7.5778
Fit Summary
 ----------------------------------------------------------------------------------------------------
 |  ID    Orbit ID    Degree    Cluster Diameter    ECI    Feature AVG    Feature STD    ECI * STD  |
 |  0        0          0              NA         -15.117     1.000          0.000        -0.000    |
 |  1        1          1            0.0000       -4.535      0.600          0.000        -0.000    |
 |  2        2          2            2.5225       -0.716      0.340          0.105        -0.075    |
 |  3        3          2            3.6458       -0.691      0.454          0.091        -0.063    |
 |  4        4          2            4.4334       -0.157      0.336          0.064        -0.010    |
 |  5        5          2            5.0451       -2.051      0.477          0.131        -0.268    |
 |  6        6          2            6.2245       -0.215      0.408          0.059        -0.013    |
 |  7        7          2            6.3147       -0.211      0.398          0.116        -0.024    |
 |  8        8          2            6.7999       -0.124      0.336          0.061        -0.008    |
 |  9        9          3            3.6458       -0.389      0.380          0.140        -0.054    |
 |  10       10         3            4.4334       -0.008      0.246          0.101        -0.001    |
 |  11       11         3            4.4334       -0.028      0.245          0.091        -0.003    |
 |  12       12         3            4.4334       -0.037      0.244          0.092        -0.003    |
 |  13       13         3            5.0451       -0.044      0.263          0.099        -0.004    |
 |  14       14         3            5.0451        0.223      0.263          0.135         0.030    |
 |  15       15         3            6.2245       -0.022      0.223          0.084        -0.002    |
 |  16       16         3            6.2245       -0.035      0.368          0.086        -0.003    |
 |  17       17         3            6.2245       -0.041      0.222          0.070        -0.003    |
 |  18       18         3            6.2245       -0.045      0.334          0.076        -0.003    |
 |  19       19         3            6.2245        0.023      0.333          0.078         0.002    |
 |  20       20         3            6.3147        0.016      0.209          0.104         0.002    |
 |  21       21         3            6.3147        0.018      0.299          0.087         0.002    |
 |  22       22         3            6.3147       -0.094      0.344          0.153        -0.014    |
 |  23       23         3            6.3147       -0.028      0.277          0.198        -0.006    |
 |  24       24         3            6.7999       -0.011      0.243          0.086        -0.001    |
 |  25       25         3            6.7999       -0.005      0.244          0.085        -0.000    |
 |  26       26         3            6.7999       -0.032      0.220          0.061        -0.002    |
 |  27       27         3            6.7999       -0.029      0.221          0.061        -0.002    |
 |  28       28         3            6.7999        0.034      0.208          0.101         0.003    |
 |  29       29         3            6.7999        0.010      0.209          0.102         0.001    |
 |  30       30         3            6.7999        0.024      0.212          0.101         0.002    |
 |  31       31         3            6.7999       -0.000      0.262          0.099        -0.000    |
 |  32       32         4            4.4334        0.047      0.199          0.116         0.005    |
 |  33       33         4            4.4334        0.043      0.199          0.116         0.005    |
 |  34       34         4            4.4334        0.051      0.176          0.126         0.006    |
 |  35       35         4            4.4334        0.042      0.175          0.128         0.005    |
 |  36       36         4            4.4334        0.034      0.192          0.128         0.004    |
 |  37       37         4            5.0451        0.056      0.184          0.109         0.006    |
 |  38       38         4            5.0451        0.013      0.184          0.097         0.001    |
 |  39       39         4            6.2245        0.027      0.198          0.090         0.002    |
 |  40       40         4            6.2245        0.025      0.196          0.096         0.002    |
 |  41       41         4            6.2245       -0.008      0.177          0.083        -0.001    |
 |  42       42         4            6.2245       -0.008      0.153          0.093        -0.001    |
 |  43       43         4            6.2245        0.011      0.176          0.082         0.001    |
 |  44       44         4            6.2245       -0.003      0.154          0.092        -0.000    |
 |  45       45         4            6.2245        0.005      0.197          0.079         0.000    |
 |  46       46         4            6.2245        0.003      0.196          0.080         0.000    |
 |  47       47         4            6.2245        0.053      0.308          0.093         0.005    |
 |  48       48         4            6.2245        0.059      0.312          0.095         0.006    |
 |  49       49         4            6.2245        0.080      0.310          0.096         0.008    |
 |  50       50         4            6.2245       -0.006      0.166          0.100        -0.001    |
 |  51       51         4            6.2245       -0.005      0.177          0.086        -0.000    |
 |  52       52         4            6.2245        0.028      0.176          0.085         0.002    |
 |  53       53         4            6.2245        0.060      0.351          0.108         0.006    |
 |  54       54         4            6.3147        0.007      0.180          0.117         0.001    |
 |  55       55         4            6.3147        0.011      0.179          0.118         0.001    |
 |  56       56         4            6.3147       -0.008      0.157          0.085        -0.001    |
 |  57       57         4            6.3147        0.034      0.279          0.098         0.003    |
 |  58       58         4            6.3147       -0.003      0.156          0.080        -0.000    |
 |  59       59         4            6.3147        0.032      0.282          0.095         0.003    |
 |  60       60         4            6.3147        0.066      0.153          0.129         0.009    |
 |  61       61         4            6.3147        0.033      0.152          0.093         0.003    |
 |  62       62         4            6.3147       -0.019      0.133          0.092        -0.002    |
 |  63       63         4            6.3147        0.134      0.281          0.095         0.013    |
 |  64       64         4            6.3147       -0.038      0.143          0.134        -0.005    |
 |  65       65         4            6.3147        0.100      0.220          0.128         0.013    |
 |  66       66         4            6.3147       -0.154      0.337          0.163        -0.025    |
 |  67       67         4            6.3147        0.027      0.263          0.199         0.005    |
 |  68       68         4            6.7999        0.002      0.179          0.113         0.000    |
 |  69       69         4            6.7999        0.002      0.155          0.125         0.000    |
 |  70       70         4            6.7999       -0.006      0.178          0.114        -0.001    |
 |  71       71         4            6.7999        0.003      0.153          0.126         0.000    |
 |  72       72         4            6.7999       -0.011      0.151          0.084        -0.001    |
 |  73       73         4            6.7999        0.016      0.175          0.121         0.002    |
 |  74       74         4            6.7999       -0.011      0.153          0.084        -0.001    |
 |  75       75         4            6.7999       -0.022      0.163          0.078        -0.002    |
 |  76       76         4            6.7999       -0.006      0.190          0.113        -0.001    |
 |  77       77         4            6.7999       -0.027      0.164          0.078        -0.002    |
 |  78       78         4            6.7999        0.010      0.197          0.075         0.001    |
 |  79       79         4            6.7999        0.004      0.196          0.075         0.000    |
 |  80       80         4            6.7999        0.027      0.182          0.091         0.002    |
 |  81       81         4            6.7999       -0.013      0.157          0.076        -0.001    |
 |  82       82         4            6.7999       -0.022      0.131          0.089        -0.002    |
 |  83       83         4            6.7999       -0.018      0.155          0.076        -0.001    |
 |  84       84         4            6.7999       -0.028      0.130          0.089        -0.002    |
 |  85       85         4            6.7999        0.018      0.195          0.074         0.001    |
 |  86       86         4            6.7999        0.018      0.194          0.075         0.001    |
 |  87       87         4            6.7999       -0.007      0.176          0.069        -0.001    |
 |  88       88         4            6.7999        0.018      0.176          0.069         0.001    |
 |  89       89         4            6.7999       -0.019      0.130          0.084        -0.002    |
 |  90       90         4            6.7999        0.020      0.153          0.123         0.002    |
 |  91       91         4            6.7999       -0.002      0.156          0.071        -0.000    |
 |  92       92         4            6.7999        0.030      0.178          0.110         0.003    |
 |  93       93         4            6.7999       -0.037      0.141          0.127        -0.005    |
 |  94       94         4            6.7999       -0.023      0.133          0.130        -0.003    |
 |  95       95         4            6.7999        0.062      0.198          0.107         0.007    |
 |  96       96         4            6.7999        0.078      0.199          0.106         0.008    |
 |  97       97         4            6.7999        0.055      0.175          0.067         0.004    |
 |  98       98         4            6.7999        0.018      0.177          0.068         0.001    |
 |  99       99         4            6.7999        0.063      0.151          0.092         0.006    |
 | 100      100         4            6.7999        0.105      0.151          0.087         0.009    |
 | 101      101         4            6.7999       -0.108      0.138          0.139        -0.015    |
 ----------------------------------------------------------------------------------------------------
The predicted energy for a structure with composition Mn6 Ni4 As10 is -26.186705200424115 eV/prim.

The fitted coefficients are:
[-1.51171046e+01 -9.07026278e+00 -1.43173961e+00 -4.14548431e+00
 -1.88886018e+00 -4.10231145e+00 -2.58419196e+00 -1.26511629e+00
 -1.48310362e+00 -1.55401613e+00 -1.93060049e-01 -3.36910937e-01
 -4.38808086e-01 -5.23995259e-01  4.45242049e-01 -5.21196496e-01
 -8.35249680e-01 -9.75036506e-01 -5.34895548e-01  2.71967719e-01
  3.89742883e-01  4.20202620e-01 -1.12255875e+00 -1.12671970e-01
 -2.60252780e-01 -1.21917559e-01 -7.66780094e-01 -7.00188956e-01
  8.07786903e-01  1.17941147e-01  2.86429434e-01 -2.79684764e-04
  5.68425812e-01  5.17477237e-01  6.09071858e-01  5.07174709e-01
  2.06308254e-01  6.67478866e-01  1.61347056e-01  6.41736339e-01
  6.04376804e-01 -1.83774662e-01 -1.91802072e-01  2.70149803e-01
 -6.21684968e-02  1.30151381e-01  7.92028061e-02  1.27272945e+00
  7.06037541e-01  9.64648779e-01 -6.88599801e-02 -6.34500015e-02
  3.39525889e-01  3.59875964e-01  1.79102237e-01  2.68137041e-01
 -1.92060523e-01  8.10883274e-01 -8.08960313e-02  7.73821321e-01
  7.95394495e-01  4.00975312e-01 -2.24815574e-01  1.60936390e+00
 -3.06306211e-01  7.98387557e-01 -9.25320262e-01  1.09699750e-01
  4.63507520e-02  4.67710279e-02 -1.50754325e-01  6.75665364e-02
 -2.70799542e-01  3.95134062e-01 -2.63858624e-01 -5.34175811e-01
 -1.39232761e-01 -6.56868469e-01  2.32778645e-01  8.66221423e-02
  6.41611816e-01 -3.17760848e-01 -5.36615032e-01 -4.35300560e-01
 -6.66248607e-01  4.30427262e-01  4.22605980e-01 -1.73884357e-01
  4.26196610e-01 -4.50229191e-01  4.72398232e-01 -5.98842356e-02
  7.19941885e-01 -8.88727706e-01 -5.57784268e-01  7.46366441e-01
  9.35650237e-01  6.57603566e-01  2.19321664e-01  7.56461889e-01
  1.25692123e+00 -6.50708865e-01]

The effective cluster interactions are:
[-1.51171046e+01 -4.53513139e+00 -7.15869803e-01 -6.90914051e-01
 -1.57405015e-01 -2.05115573e+00 -2.15349330e-01 -2.10852714e-01
 -1.23591968e-01 -3.88504032e-01 -8.04416870e-03 -2.80759114e-02
 -3.65673405e-02 -4.36662716e-02  2.22621024e-01 -2.17165207e-02
 -3.48020700e-02 -4.06265211e-02 -4.45746290e-02  2.26639766e-02
  1.62392868e-02  1.75084425e-02 -9.35465623e-02 -2.81679925e-02
 -1.08438658e-02 -5.07989829e-03 -3.19491706e-02 -2.91745398e-02
  3.36577876e-02  9.82842891e-03  2.38691195e-02 -2.33070637e-05
  4.73688177e-02  4.31231031e-02  5.07559882e-02  4.22645591e-02
  3.43847090e-02  5.56232389e-02  1.34455880e-02  2.67390141e-02
  2.51823668e-02 -7.65727758e-03 -7.99175299e-03  1.12562418e-02
 -2.59035403e-03  5.42297419e-03  3.30011692e-03  5.30303938e-02
  5.88364618e-02  8.03873983e-02 -5.73833167e-03 -5.28750012e-03
  2.82938241e-02  5.99793274e-02  7.46259320e-03  1.11723767e-02
 -8.00252179e-03  3.37868031e-02 -3.37066797e-03  3.22425550e-02
  6.62828746e-02  3.34146093e-02 -1.87346312e-02  1.34113659e-01
 -3.82882763e-02  9.97984446e-02 -1.54220044e-01  2.74249375e-02
  1.93128133e-03  1.94879283e-03 -6.28143020e-03  2.81527235e-03
 -1.12833142e-02  1.64639193e-02 -1.09941094e-02 -2.22573255e-02
 -5.80136506e-03 -2.73695195e-02  9.69911019e-03  3.60925593e-03
  2.67338257e-02 -1.32400353e-02 -2.23589597e-02 -1.81375233e-02
 -2.77603586e-02  1.79344692e-02  1.76085825e-02 -7.24518155e-03
  1.77581921e-02 -1.87595496e-02  1.96832597e-02 -2.49517648e-03
  2.99975785e-02 -3.70303211e-02 -2.32410112e-02  6.21972034e-02
  7.79708531e-02  5.48002972e-02  1.82768054e-02  6.30384908e-02
  1.04743436e-01 -1.08451477e-01]

