/project/6001368/valmzztt/MnNiAs/MnNiAs-all/cluster-exp-lasso.py:55: UserWarning: We have created the cluster subspace
  warnings.warn("We have created the cluster subspace")
/home/valmzztt/smol_env/lib/python3.9/site-packages/smol/cofe/wrangling/wrangler.py:808: UserWarning: The following structures have duplicated correlation vectors:
 Index 0 - Mn5 Ni3 As8 energy=-105.24374784
Index 40 - Ni3 Mn5 As8 energy=-105.2487772
 Consider adding more terms to the clustersubspace or filtering duplicates.
  warnings.warn(
/home/valmzztt/smol_env/lib/python3.9/site-packages/smol/cofe/wrangling/wrangler.py:808: UserWarning: The following structures have duplicated correlation vectors:
 Index 66 - Mn6 Ni4 As10 energy=-130.28209177
Index 86 - Ni4 Mn6 As10 energy=-130.27208696
 Consider adding more terms to the clustersubspace or filtering duplicates.
  warnings.warn(
/home/valmzztt/smol_env/lib/python3.9/site-packages/smol/cofe/wrangling/wrangler.py:808: UserWarning: The following structures have duplicated correlation vectors:
 Index 63 - Ni4 Mn6 As10 energy=-130.32101714
Index 90 - Mn6 Ni4 As10 energy=-130.75023488
 Consider adding more terms to the clustersubspace or filtering duplicates.
  warnings.warn(
/home/valmzztt/smol_env/lib/python3.9/site-packages/smol/cofe/wrangling/wrangler.py:808: UserWarning: The following structures have duplicated correlation vectors:
 Index 69 - Ni4 Mn6 As10 energy=-130.63479759
Index 92 - Ni4 Mn6 As10 energy=-131.79431772
 Consider adding more terms to the clustersubspace or filtering duplicates.
  warnings.warn(
/home/valmzztt/smol_env/lib/python3.9/site-packages/smol/cofe/wrangling/wrangler.py:808: UserWarning: The following structures have duplicated correlation vectors:
 Index 64 - Ni4 As10 Mn6 energy=-131.15040517
Index 93 - Ni4 As10 Mn6 energy=-131.76173432
 Consider adding more terms to the clustersubspace or filtering duplicates.
  warnings.warn(
/home/valmzztt/smol_env/lib/python3.9/site-packages/smol/cofe/wrangling/wrangler.py:808: UserWarning: The following structures have duplicated correlation vectors:
 Index 73 - Mn6 Ni4 As10 energy=-130.69954287
Index 94 - Mn6 Ni4 As10 energy=-131.31504752
 Consider adding more terms to the clustersubspace or filtering duplicates.
  warnings.warn(
/home/valmzztt/smol_env/lib/python3.9/site-packages/smol/cofe/wrangling/wrangler.py:808: UserWarning: The following structures have duplicated correlation vectors:
 Index 72 - Mn6 Ni4 As10 energy=-130.63455087
Index 95 - Mn6 Ni4 As10 energy=-131.73259512
 Consider adding more terms to the clustersubspace or filtering duplicates.
  warnings.warn(
/home/valmzztt/smol_env/lib/python3.9/site-packages/smol/cofe/wrangling/wrangler.py:808: UserWarning: The following structures have duplicated correlation vectors:
 Index 61 - Mn6 Ni4 As10 energy=-130.44397793
Index 96 - Ni4 Mn6 As10 energy=-131.41094781
 Consider adding more terms to the clustersubspace or filtering duplicates.
  warnings.warn(
/home/valmzztt/smol_env/lib/python3.9/site-packages/smol/cofe/wrangling/wrangler.py:808: UserWarning: The following structures have duplicated correlation vectors:
 Index 71 - Mn6 Ni4 As10 energy=-130.62738275
Index 97 - Ni4 Mn6 As10 energy=-132.40819933
 Consider adding more terms to the clustersubspace or filtering duplicates.
  warnings.warn(
/home/valmzztt/smol_env/lib/python3.9/site-packages/smol/cofe/wrangling/wrangler.py:808: UserWarning: The following structures have duplicated correlation vectors:
 Index 70 - Ni4 Mn6 As10 energy=-130.49522592
Index 99 - Mn6 Ni4 As10 energy=-130.97807012
 Consider adding more terms to the clustersubspace or filtering duplicates.
  warnings.warn(
/home/valmzztt/smol_env/lib/python3.9/site-packages/smol/cofe/wrangling/wrangler.py:808: UserWarning: The following structures have duplicated correlation vectors:
 Index 74 - Mn6 Ni4 As10 energy=-130.6358494
Index 100 - Ni4 Mn6 As10 energy=-131.88822239
 Consider adding more terms to the clustersubspace or filtering duplicates.
  warnings.warn(
/home/valmzztt/smol_env/lib/python3.9/site-packages/smol/cofe/wrangling/wrangler.py:808: UserWarning: The following structures have duplicated correlation vectors:
 Index 87 - Mn6 Ni4 As10 energy=-130.50119565
Index 101 - Mn6 Ni4 As10 energy=-131.8111307
 Consider adding more terms to the clustersubspace or filtering duplicates.
  warnings.warn(
/home/valmzztt/smol_env/lib/python3.9/site-packages/smol/cofe/wrangling/wrangler.py:808: UserWarning: The following structures have duplicated correlation vectors:
 Index 89 - Ni4 Mn6 As10 energy=-130.2231123
Index 104 - Mn6 Ni4 As10 energy=-130.75250008
 Consider adding more terms to the clustersubspace or filtering duplicates.
  warnings.warn(
/home/valmzztt/smol_env/lib/python3.9/site-packages/smol/cofe/wrangling/wrangler.py:808: UserWarning: The following structures have duplicated correlation vectors:
 Index 63 - Ni4 Mn6 As10 energy=-130.32101714
Index 90 - Mn6 Ni4 As10 energy=-130.75023488
Index 107 - Mn6 Ni4 As10 energy=-130.74003216
 Consider adding more terms to the clustersubspace or filtering duplicates.
  warnings.warn(
/home/valmzztt/smol_env/lib/python3.9/site-packages/smol/cofe/wrangling/wrangler.py:808: UserWarning: The following structures have duplicated correlation vectors:
 Index 66 - Mn6 Ni4 As10 energy=-130.28209177
Index 86 - Ni4 Mn6 As10 energy=-130.27208696
Index 108 - Ni4 Mn6 As10 energy=-130.78764032
 Consider adding more terms to the clustersubspace or filtering duplicates.
  warnings.warn(
/home/valmzztt/smol_env/lib/python3.9/site-packages/smol/cofe/wrangling/wrangler.py:808: UserWarning: The following structures have duplicated correlation vectors:
 Index 106 - Mn6 As10 Ni4 energy=-131.39872348
Index 110 - Ni4 As10 Mn6 energy=-131.07309842
 Consider adding more terms to the clustersubspace or filtering duplicates.
  warnings.warn(
/home/valmzztt/smol_env/lib/python3.9/site-packages/smol/cofe/wrangling/wrangler.py:808: UserWarning: The following structures have duplicated correlation vectors:
 Index 76 - Ni4 Mn6 As10 energy=-130.73080175
Index 112 - Mn6 Ni4 As10 energy=-131.40352597
 Consider adding more terms to the clustersubspace or filtering duplicates.
  warnings.warn(
/home/valmzztt/smol_env/lib/python3.9/site-packages/smol/cofe/wrangling/wrangler.py:808: UserWarning: The following structures have duplicated correlation vectors:
 Index 91 - Ni4 Mn6 As10 energy=-131.52797239
Index 113 - Mn6 Ni4 As10 energy=-131.03033654
 Consider adding more terms to the clustersubspace or filtering duplicates.
  warnings.warn(
/home/valmzztt/smol_env/lib/python3.9/site-packages/smol/cofe/wrangling/wrangler.py:808: UserWarning: The following structures have duplicated correlation vectors:
 Index 66 - Mn6 Ni4 As10 energy=-130.28209177
Index 86 - Ni4 Mn6 As10 energy=-130.27208696
Index 108 - Ni4 Mn6 As10 energy=-130.78764032
Index 114 - Ni4 Mn6 As10 energy=-130.3922193
 Consider adding more terms to the clustersubspace or filtering duplicates.
  warnings.warn(
/home/valmzztt/smol_env/lib/python3.9/site-packages/smol/cofe/wrangling/wrangler.py:808: UserWarning: The following structures have duplicated correlation vectors:
 Index 82 - Mn6 Ni4 As10 energy=-130.68744521
Index 115 - Mn6 As10 Ni4 energy=-131.42700856
 Consider adding more terms to the clustersubspace or filtering duplicates.
  warnings.warn(
/home/valmzztt/smol_env/lib/python3.9/site-packages/smol/cofe/wrangling/wrangler.py:808: UserWarning: The following structures have duplicated correlation vectors:
 Index 72 - Mn6 Ni4 As10 energy=-130.63455087
Index 95 - Mn6 Ni4 As10 energy=-131.73259512
Index 116 - Mn6 As10 Ni4 energy=-131.12343818
 Consider adding more terms to the clustersubspace or filtering duplicates.
  warnings.warn(
/home/valmzztt/smol_env/lib/python3.9/site-packages/smol/cofe/wrangling/wrangler.py:808: UserWarning: The following structures have duplicated correlation vectors:
 Index 89 - Ni4 Mn6 As10 energy=-130.2231123
Index 104 - Mn6 Ni4 As10 energy=-130.75250008
Index 117 - Mn6 Ni4 As10 energy=-130.3339363
 Consider adding more terms to the clustersubspace or filtering duplicates.
  warnings.warn(
/home/valmzztt/smol_env/lib/python3.9/site-packages/smol/cofe/wrangling/wrangler.py:808: UserWarning: The following structures have duplicated correlation vectors:
 Index 75 - Mn6 Ni4 As10 energy=-130.61462621
Index 118 - Mn6 Ni4 As10 energy=-130.88531931
 Consider adding more terms to the clustersubspace or filtering duplicates.
  warnings.warn(
/home/valmzztt/smol_env/lib/python3.9/site-packages/smol/cofe/wrangling/wrangler.py:808: UserWarning: The following structures have duplicated correlation vectors:
 Index 62 - Mn6 Ni4 As10 energy=-130.35095249
Index 119 - Mn6 Ni4 As10 energy=-130.45027033
 Consider adding more terms to the clustersubspace or filtering duplicates.
  warnings.warn(
/home/valmzztt/smol_env/lib/python3.9/site-packages/smol/cofe/wrangling/wrangler.py:808: UserWarning: The following structures have duplicated correlation vectors:
 Index 87 - Mn6 Ni4 As10 energy=-130.50119565
Index 101 - Mn6 Ni4 As10 energy=-131.8111307
Index 120 - Mn6 Ni4 As10 energy=-131.22165749
 Consider adding more terms to the clustersubspace or filtering duplicates.
  warnings.warn(
/home/valmzztt/smol_env/lib/python3.9/site-packages/smol/cofe/wrangling/wrangler.py:808: UserWarning: The following structures have duplicated correlation vectors:
 Index 68 - Ni4 As10 Mn6 energy=-130.77744129
Index 122 - Mn6 Ni4 As10 energy=-131.04746286
 Consider adding more terms to the clustersubspace or filtering duplicates.
  warnings.warn(
/home/valmzztt/smol_env/lib/python3.9/site-packages/smol/cofe/wrangling/wrangler.py:808: UserWarning: The following structures have duplicated correlation vectors:
 Index 83 - Mn6 Ni4 As10 energy=-130.87603155
Index 123 - Mn6 As10 Ni4 energy=-131.55474804
 Consider adding more terms to the clustersubspace or filtering duplicates.
  warnings.warn(
/home/valmzztt/smol_env/lib/python3.9/site-packages/smol/cofe/wrangling/wrangler.py:808: UserWarning: The following structures have duplicated correlation vectors:
 Index 77 - Mn6 Ni4 As10 energy=-130.84818704
Index 124 - Mn6 Ni4 As10 energy=-131.16156979
 Consider adding more terms to the clustersubspace or filtering duplicates.
  warnings.warn(
/home/valmzztt/smol_env/lib/python3.9/site-packages/smol/cofe/wrangling/wrangler.py:808: UserWarning: The following structures have duplicated correlation vectors:
 Index 71 - Mn6 Ni4 As10 energy=-130.62738275
Index 97 - Ni4 Mn6 As10 energy=-132.40819933
Index 125 - Mn6 Ni4 As10 energy=-131.62842008
 Consider adding more terms to the clustersubspace or filtering duplicates.
  warnings.warn(
/home/valmzztt/smol_env/lib/python3.9/site-packages/smol/cofe/wrangling/wrangler.py:808: UserWarning: The following structures have duplicated correlation vectors:
 Index 84 - Mn6 Ni4 As10 energy=-130.88689534
Index 126 - Mn6 As10 Ni4 energy=-131.37558532
 Consider adding more terms to the clustersubspace or filtering duplicates.
  warnings.warn(
/home/valmzztt/smol_env/lib/python3.9/site-packages/smol/cofe/wrangling/wrangler.py:808: UserWarning: The following structures have duplicated correlation vectors:
 Index 102 - Mn6 Ni4 As10 energy=-130.7409318
Index 127 - Ni4 Mn6 As10 energy=-130.37179931
 Consider adding more terms to the clustersubspace or filtering duplicates.
  warnings.warn(
/home/valmzztt/smol_env/lib/python3.9/site-packages/smol/cofe/wrangling/wrangler.py:808: UserWarning: The following structures have duplicated correlation vectors:
 Index 89 - Ni4 Mn6 As10 energy=-130.2231123
Index 104 - Mn6 Ni4 As10 energy=-130.75250008
Index 117 - Mn6 Ni4 As10 energy=-130.3339363
Index 128 - Ni4 Mn6 As10 energy=-130.3287622
 Consider adding more terms to the clustersubspace or filtering duplicates.
  warnings.warn(
/home/valmzztt/smol_env/lib/python3.9/site-packages/smol/cofe/wrangling/wrangler.py:808: UserWarning: The following structures have duplicated correlation vectors:
 Index 69 - Ni4 Mn6 As10 energy=-130.63479759
Index 92 - Ni4 Mn6 As10 energy=-131.79431772
Index 129 - Mn6 Ni4 As10 energy=-131.21446375
 Consider adding more terms to the clustersubspace or filtering duplicates.
  warnings.warn(
/home/valmzztt/smol_env/lib/python3.9/site-packages/smol/cofe/wrangling/wrangler.py:808: UserWarning: The following structures have duplicated correlation vectors:
 Index 65 - Mn6 Ni4 As10 energy=-131.00136361
Index 132 - Ni4 As10 Mn6 energy=-131.62162963
 Consider adding more terms to the clustersubspace or filtering duplicates.
  warnings.warn(
/home/valmzztt/smol_env/lib/python3.9/site-packages/smol/cofe/wrangling/wrangler.py:808: UserWarning: The following structures have duplicated correlation vectors:
 Index 3 - Ni5 As6 Mn1 energy=-70.52459365
Index 135 - Ni5 As6 Mn1 energy=-70.77103739
 Consider adding more terms to the clustersubspace or filtering duplicates.
  warnings.warn(
/home/valmzztt/smol_env/lib/python3.9/site-packages/smol/cofe/wrangling/wrangler.py:808: UserWarning: The following structures have duplicated correlation vectors:
 Index 26 - Ni2 Mn2 As4 energy=-50.89727525
Index 137 - Mn2 Ni2 As4 energy=-51.17638204
 Consider adding more terms to the clustersubspace or filtering duplicates.
  warnings.warn(
/home/valmzztt/smol_env/lib/python3.9/site-packages/smol/cofe/wrangling/wrangler.py:808: UserWarning: The following structures have duplicated correlation vectors:
 Index 10 - Ni3 As4 Mn1 energy=-48.05643268
Index 145 - Mn2 Ni6 As8 energy=-96.45305158
 Consider adding more terms to the clustersubspace or filtering duplicates.
  warnings.warn(
/home/valmzztt/smol_env/lib/python3.9/site-packages/smol/cofe/wrangling/wrangler.py:808: UserWarning: The following structures have duplicated correlation vectors:
 Index 42 - Mn4 As6 Ni2 energy=-79.87027258
Index 148 - Ni2 As6 Mn4 energy=-80.26255805
 Consider adding more terms to the clustersubspace or filtering duplicates.
  warnings.warn(
/home/valmzztt/smol_env/lib/python3.9/site-packages/smol/cofe/wrangling/wrangler.py:808: UserWarning: The following structures have duplicated correlation vectors:
 Index 59 - Ni2 Mn2 As4 energy=-51.16437696
Index 156 - Mn2 Ni2 As4 energy=-51.40566103
 Consider adding more terms to the clustersubspace or filtering duplicates.
  warnings.warn(
/home/valmzztt/smol_env/lib/python3.9/site-packages/smol/cofe/wrangling/wrangler.py:808: UserWarning: The following structures have duplicated correlation vectors:
 Index 44 - Ni4 Mn4 As8 energy=-102.07281248
Index 159 - Mn4 Ni4 As8 energy=-103.60930006
 Consider adding more terms to the clustersubspace or filtering duplicates.
  warnings.warn(
/home/valmzztt/smol_env/lib/python3.9/site-packages/smol/cofe/wrangling/wrangler.py:808: UserWarning: The following structures have duplicated correlation vectors:
 Index 25 - Mn6 As8 Ni2 energy=-108.15290661
Index 164 - Ni1 Mn3 As4 energy=-54.32075397
 Consider adding more terms to the clustersubspace or filtering duplicates.
  warnings.warn(
/home/valmzztt/smol_env/lib/python3.9/site-packages/smol/cofe/wrangling/wrangler.py:808: UserWarning: The following structures have duplicated correlation vectors:
 Index 55 - Mn2 As2 energy=-28.55206664
Index 166 - Mn2 As2 energy=-28.72263797
 Consider adding more terms to the clustersubspace or filtering duplicates.
  warnings.warn(
/project/6001368/valmzztt/MnNiAs/MnNiAs-all/cluster-exp-lasso.py:73: UserWarning: 
Total structures that match 170/170
  warnings.warn(f'\nTotal structures that match {wrangler.num_structures}/{len(entries)}')
/project/6001368/valmzztt/MnNiAs/MnNiAs-all/cluster-exp-lasso.py:105: UserWarning: The predicted energy for a structure with composition Mn6 As10 Ni4 is -123.40576293711123 eV/prim.

  warnings.warn(f'The predicted energy for a structure with composition '
/project/6001368/valmzztt/MnNiAs/MnNiAs-all/cluster-exp-lasso.py:107: UserWarning: The fitted coefficients are:
[-24.68115259  -0.          -0.          -0.          -0.
  -0.          -0.          -0.          -0.          -0.
  -0.          -0.          -0.          -0.          -0.
  -0.          -0.          -0.          -0.          -0.
  -0.          -0.          -0.          -0.          -0.
  -0.          -0.          -0.          -0.          -0.
  -0.          -0.          -0.          -0.          -0.
  -0.          -0.          -0.          -0.          -0.
  -0.          -0.          -0.          -0.          -0.
  -0.          -0.          -0.          -0.          -0.
  -0.          -0.          -0.          -0.          -0.
  -0.          -0.          -0.          -0.          -0.
  -0.          -0.          -0.          -0.          -0.
  -0.          -0.          -0.          -0.          -0.
  -0.          -0.          -0.          -0.          -0.
  -0.          -0.          -0.          -0.          -0.
  -0.          -0.          -0.          -0.          -0.
  -0.          -0.          -0.          -0.          -0.
  -0.          -0.          -0.          -0.          -0.
  -0.          -0.          -0.          -0.          -0.
  -0.          -0.        ]

  warnings.warn(f'The fitted coefficients are:\n{expansion.coefs}\n')
/project/6001368/valmzztt/MnNiAs/MnNiAs-all/cluster-exp-lasso.py:108: UserWarning: The effective cluster interactions are:
[-24.68115259  -0.          -0.          -0.          -0.
  -0.          -0.          -0.          -0.          -0.
  -0.          -0.          -0.          -0.          -0.
  -0.          -0.          -0.          -0.          -0.
  -0.          -0.          -0.          -0.          -0.
  -0.          -0.          -0.          -0.          -0.
  -0.          -0.          -0.          -0.          -0.
  -0.          -0.          -0.          -0.          -0.
  -0.          -0.          -0.          -0.          -0.
  -0.          -0.          -0.          -0.          -0.
  -0.          -0.          -0.          -0.          -0.
  -0.          -0.          -0.          -0.          -0.
  -0.          -0.          -0.          -0.          -0.
  -0.          -0.          -0.          -0.          -0.
  -0.          -0.          -0.          -0.          -0.
  -0.          -0.          -0.          -0.          -0.
  -0.          -0.          -0.          -0.          -0.
  -0.          -0.          -0.          -0.          -0.
  -0.          -0.          -0.          -0.          -0.
  -0.          -0.          -0.          -0.          -0.
  -0.          -0.        ]

  warnings.warn(f'The effective cluster interactions are:\n{expansion.eci}\n')
Basis/Orthogonal/Orthonormal : indicator/False/False
       Unit Cell Composition : Mn1.2 Ni0.8 As2
            Number of Orbits : 102
No. of Correlation Functions : 102
             Cluster Cutoffs : 2: 6.80, 3: 6.80, 4: 6.80
              External Terms : []
Regression Data : estimator=Lasso
                  module=sklearn.linear_model._coordinate_descent
                  parameters={'alpha': 1.0985411419875573, 'copy_X': True, 'fit_intercept': False, 'max_iter': 1000, 'positive': False, 'precompute': False, 'random_state': None, 'selection': 'cyclic', 'tol': 0.0001, 'warm_start': False}
Target Property    : mean=-25.7797  std=1.2718
ECI-based Property : mean=-24.6812  std=0.0000
Fit Summary
 ----------------------------------------------------------------------------------------------------
 |  ID    Orbit ID    Degree    Cluster Diameter    ECI    Feature AVG    Feature STD    ECI * STD  |
 |  0        0          0              NA         -24.681     1.000          0.000        -0.000    |
 |  1        1          1            0.0000       -0.000      0.532          0.209        -0.000    |
 |  2        2          2            2.5225       -0.000      0.306          0.223        -0.000    |
 |  3        3          2            3.6458       -0.000      0.382          0.226        -0.000    |
 |  4        4          2            4.4334       -0.000      0.300          0.211        -0.000    |
 |  5        5          2            5.0451       -0.000      0.391          0.244        -0.000    |
 |  6        6          2            6.2245       -0.000      0.349          0.211        -0.000    |
 |  7        7          2            6.3147       -0.000      0.350          0.232        -0.000    |
 |  8        8          2            6.7999       -0.000      0.300          0.212        -0.000    |
 |  9        9          3            3.6458       -0.000      0.308          0.237        -0.000    |
 |  10       10         3            4.4334       -0.000      0.222          0.200        -0.000    |
 |  11       11         3            4.4334       -0.000      0.219          0.197        -0.000    |
 |  12       12         3            4.4334       -0.000      0.220          0.196        -0.000    |
 |  13       13         3            5.0451       -0.000      0.223          0.211        -0.000    |
 |  14       14         3            5.0451       -0.000      0.227          0.228        -0.000    |
 |  15       15         3            6.2245       -0.000      0.202          0.194        -0.000    |
 |  16       16         3            6.2245       -0.000      0.294          0.216        -0.000    |
 |  17       17         3            6.2245       -0.000      0.199          0.190        -0.000    |
 |  18       18         3            6.2245       -0.000      0.274          0.205        -0.000    |
 |  19       19         3            6.2245       -0.000      0.273          0.205        -0.000    |
 |  20       20         3            6.3147       -0.000      0.201          0.200        -0.000    |
 |  21       21         3            6.3147       -0.000      0.254          0.207        -0.000    |
 |  22       22         3            6.3147       -0.000      0.288          0.238        -0.000    |
 |  23       23         3            6.3147       -0.000      0.251          0.256        -0.000    |
 |  24       24         3            6.7999       -0.000      0.219          0.195        -0.000    |
 |  25       25         3            6.7999       -0.000      0.219          0.195        -0.000    |
 |  26       26         3            6.7999       -0.000      0.200          0.189        -0.000    |
 |  27       27         3            6.7999       -0.000      0.199          0.189        -0.000    |
 |  28       28         3            6.7999       -0.000      0.201          0.201        -0.000    |
 |  29       29         3            6.7999       -0.000      0.205          0.199        -0.000    |
 |  30       30         3            6.7999       -0.000      0.205          0.200        -0.000    |
 |  31       31         3            6.7999       -0.000      0.222          0.212        -0.000    |
 |  32       32         4            4.4334       -0.000      0.177          0.191        -0.000    |
 |  33       33         4            4.4334       -0.000      0.177          0.191        -0.000    |
 |  34       34         4            4.4334       -0.000      0.161          0.193        -0.000    |
 |  35       35         4            4.4334       -0.000      0.162          0.193        -0.000    |
 |  36       36         4            4.4334       -0.000      0.175          0.195        -0.000    |
 |  37       37         4            5.0451       -0.000      0.162          0.193        -0.000    |
 |  38       38         4            5.0451       -0.000      0.161          0.188        -0.000    |
 |  39       39         4            6.2245       -0.000      0.171          0.189        -0.000    |
 |  40       40         4            6.2245       -0.000      0.170          0.191        -0.000    |
 |  41       41         4            6.2245       -0.000      0.157          0.177        -0.000    |
 |  42       42         4            6.2245       -0.000      0.144          0.178        -0.000    |
 |  43       43         4            6.2245       -0.000      0.157          0.177        -0.000    |
 |  44       44         4            6.2245       -0.000      0.144          0.178        -0.000    |
 |  45       45         4            6.2245       -0.000      0.169          0.185        -0.000    |
 |  46       46         4            6.2245       -0.000      0.169          0.185        -0.000    |
 |  47       47         4            6.2245       -0.000      0.240          0.208        -0.000    |
 |  48       48         4            6.2245       -0.000      0.243          0.208        -0.000    |
 |  49       49         4            6.2245       -0.000      0.243          0.208        -0.000    |
 |  50       50         4            6.2245       -0.000      0.149          0.184        -0.000    |
 |  51       51         4            6.2245       -0.000      0.157          0.178        -0.000    |
 |  52       52         4            6.2245       -0.000      0.157          0.178        -0.000    |
 |  53       53         4            6.2245       -0.000      0.273          0.219        -0.000    |
 |  54       54         4            6.3147       -0.000      0.166          0.191        -0.000    |
 |  55       55         4            6.3147       -0.000      0.166          0.192        -0.000    |
 |  56       56         4            6.3147       -0.000      0.146          0.178        -0.000    |
 |  57       57         4            6.3147       -0.000      0.227          0.206        -0.000    |
 |  58       58         4            6.3147       -0.000      0.146          0.177        -0.000    |
 |  59       59         4            6.3147       -0.000      0.222          0.204        -0.000    |
 |  60       60         4            6.3147       -0.000      0.154          0.194        -0.000    |
 |  61       61         4            6.3147       -0.000      0.146          0.188        -0.000    |
 |  62       62         4            6.3147       -0.000      0.132          0.180        -0.000    |
 |  63       63         4            6.3147       -0.000      0.228          0.203        -0.000    |
 |  64       64         4            6.3147       -0.000      0.145          0.200        -0.000    |
 |  65       65         4            6.3147       -0.000      0.191          0.212        -0.000    |
 |  66       66         4            6.3147       -0.000      0.271          0.240        -0.000    |
 |  67       67         4            6.3147       -0.000      0.231          0.252        -0.000    |
 |  68       68         4            6.7999       -0.000      0.167          0.190        -0.000    |
 |  69       69         4            6.7999       -0.000      0.152          0.192        -0.000    |
 |  70       70         4            6.7999       -0.000      0.167          0.190        -0.000    |
 |  71       71         4            6.7999       -0.000      0.153          0.192        -0.000    |
 |  72       72         4            6.7999       -0.000      0.143          0.174        -0.000    |
 |  73       73         4            6.7999       -0.000      0.161          0.190        -0.000    |
 |  74       74         4            6.7999       -0.000      0.143          0.174        -0.000    |
 |  75       75         4            6.7999       -0.000      0.146          0.175        -0.000    |
 |  76       76         4            6.7999       -0.000      0.172          0.188        -0.000    |
 |  77       77         4            6.7999       -0.000      0.146          0.175        -0.000    |
 |  78       78         4            6.7999       -0.000      0.168          0.185        -0.000    |
 |  79       79         4            6.7999       -0.000      0.169          0.184        -0.000    |
 |  80       80         4            6.7999       -0.000      0.160          0.187        -0.000    |
 |  81       81         4            6.7999       -0.000      0.147          0.176        -0.000    |
 |  82       82         4            6.7999       -0.000      0.134          0.177        -0.000    |
 |  83       83         4            6.7999       -0.000      0.147          0.176        -0.000    |
 |  84       84         4            6.7999       -0.000      0.134          0.177        -0.000    |
 |  85       85         4            6.7999       -0.000      0.168          0.184        -0.000    |
 |  86       86         4            6.7999       -0.000      0.169          0.184        -0.000    |
 |  87       87         4            6.7999       -0.000      0.157          0.175        -0.000    |
 |  88       88         4            6.7999       -0.000      0.156          0.175        -0.000    |
 |  89       89         4            6.7999       -0.000      0.130          0.178        -0.000    |
 |  90       90         4            6.7999       -0.000      0.153          0.191        -0.000    |
 |  91       91         4            6.7999       -0.000      0.146          0.177        -0.000    |
 |  92       92         4            6.7999       -0.000      0.165          0.190        -0.000    |
 |  93       93         4            6.7999       -0.000      0.148          0.198        -0.000    |
 |  94       94         4            6.7999       -0.000      0.143          0.196        -0.000    |
 |  95       95         4            6.7999       -0.000      0.176          0.189        -0.000    |
 |  96       96         4            6.7999       -0.000      0.177          0.189        -0.000    |
 |  97       97         4            6.7999       -0.000      0.157          0.175        -0.000    |
 |  98       98         4            6.7999       -0.000      0.157          0.174        -0.000    |
 |  99       99         4            6.7999       -0.000      0.148          0.190        -0.000    |
 | 100      100         4            6.7999       -0.000      0.145          0.190        -0.000    |
 | 101      101         4            6.7999       -0.000      0.152          0.200        -0.000    |
 ----------------------------------------------------------------------------------------------------
